0
true
1
true
2
true
3
4
5
6
7
8
9
false
10
11
12
13
TrlyPnG=HYg
zjGWmsfKQB1Tb7y=VgY
N01jz6vTpnB=YGo
oK4e2LCvji5sGrp=l3CJj
3zOdM=oYrc
DdI8RLmxv=O12f
J3Nr4C=Beg
mnQaKP=lBVH5
RS0mE=h9S
J3Nr4C=Beg
TrlyPnG=HYg
DdI8RLmxv=O12f
zjGWmsfKQB1Tb7y=VgY
N01jz6vTpnB=YGo
RS0mE=h9S
oK4e2LCvji5sGrp=l3CJj
mnQaKP=lBVH5
3zOdM=oYrc
14
15
16
17
18
TrlyPnG=HYg
zjGWmsfKQB1Tb7y=VgY
N01jz6vTpnB=YGo
oK4e2LCvji5sGrp=l3CJj
3zOdM=oYrc
DdI8RLmxv=O12f
J3Nr4C=Beg
mnQaKP=lBVH5
RS0mE=h9S
gzdVxy=jrmsc
t4cjzXwDgSM=gXuVF
EpGSej9Nmrzs7Y=3Zp5y
8fsq2Uhlpv7=jTHxw
J3Nr4C=Beg
TrlyPnG=HYg
DdI8RLmxv=O12f
zjGWmsfKQB1Tb7y=VgY
N01jz6vTpnB=YGo
RS0mE=h9S
oK4e2LCvji5sGrp=l3CJj
mnQaKP=lBVH5
3zOdM=oYrc
19
20
21
22
23
TrlyPnG=HYg
zjGWmsfKQB1Tb7y=VgY
N01jz6vTpnB=YGo
oK4e2LCvji5sGrp=l3CJj
3zOdM=oYrc
DdI8RLmxv=O12f
J3Nr4C=Beg
mnQaKP=lBVH5
RS0mE=h9S
gzdVxy=jrmsc
t4cjzXwDgSM=gXuVF
EpGSej9Nmrzs7Y=3Zp5y
8fsq2Uhlpv7=jTHxw
oXUPi2yIr0DH4=b8kqO
8woXjJNY3zTxnk=35i1
1B0cSTgs=TUyt0
0VNOhm2e=HzQB
3zOdM=oYrc
mnQaKP=lBVH5
oK4e2LCvji5sGrp=l3CJj
gzdVxy=jrmsc
8fsq2Uhlpv7=jTHxw
RS0mE=h9S
t4cjzXwDgSM=gXuVF
oXUPi2yIr0DH4=b8kqO
N01jz6vTpnB=YGo
zjGWmsfKQB1Tb7y=VgY
1B0cSTgs=TUyt0
DdI8RLmxv=O12f
0VNOhm2e=HzQB
TrlyPnG=HYg
J3Nr4C=Beg
EpGSej9Nmrzs7Y=3Zp5y
8woXjJNY3zTxnk=35i1
24
25
26
27
28
29
30
31
32
33
34
35
36
37
38
false
39
false
40
TrlyPnG=HYg
zjGWmsfKQB1Tb7y=VgY
N01jz6vTpnB=YGo
oK4e2LCvji5sGrp=l3CJj
3zOdM=oYrc
DdI8RLmxv=O12f
J3Nr4C=Beg
mnQaKP=lBVH5
RS0mE=h9S
gzdVxy=jrmsc
t4cjzXwDgSM=gXuVF
EpGSej9Nmrzs7Y=3Zp5y
8fsq2Uhlpv7=jTHxw
oXUPi2yIr0DH4=b8kqO
8woXjJNY3zTxnk=35i1
1B0cSTgs=TUyt0
0VNOhm2e=HzQB
4TtybE=P1WY
aeKT1MVA=LzW
gHQTp2=Xaq
A0M6lheqFsi=pSD
u0AZEx=6Na
0NqGa51H=17R
p83fRLIKkt6JD=t16
wzRAxOItd0Y=xg60k
sKbRPk=79S
87AdXVuhT=mfF
OxrvSXsieFHZVq=pPt7X
vPLShqCwQEisJ=wqN7
e5trpZ=A79nF
r6Kb7q8Ef9sC=0pX
r6Kb7q8Ef9sC=0pX
0NqGa51H=17R
8woXjJNY3zTxnk=35i1
EpGSej9Nmrzs7Y=3Zp5y
u0AZEx=6Na
sKbRPk=79S
e5trpZ=A79nF
J3Nr4C=Beg
TrlyPnG=HYg
0VNOhm2e=HzQB
aeKT1MVA=LzW
DdI8RLmxv=O12f
4TtybE=P1WY
1B0cSTgs=TUyt0
zjGWmsfKQB1Tb7y=VgY
gHQTp2=Xaq
N01jz6vTpnB=YGo
oXUPi2yIr0DH4=b8kqO
t4cjzXwDgSM=gXuVF
RS0mE=h9S
8fsq2Uhlpv7=jTHxw
gzdVxy=jrmsc
oK4e2LCvji5sGrp=l3CJj
mnQaKP=lBVH5
87AdXVuhT=mfF
3zOdM=oYrc
OxrvSXsieFHZVq=pPt7X
A0M6lheqFsi=pSD
p83fRLIKkt6JD=t16
vPLShqCwQEisJ=wqN7
wzRAxOItd0Y=xg60k
41
42
43
44
45
46
47
48
49
TrlyPnG=HYg
zjGWmsfKQB1Tb7y=VgY
N01jz6vTpnB=YGo
oK4e2LCvji5sGrp=l3CJj
3zOdM=oYrc
DdI8RLmxv=O12f
J3Nr4C=Beg
mnQaKP=lBVH5
RS0mE=h9S
gzdVxy=jrmsc
t4cjzXwDgSM=gXuVF
EpGSej9Nmrzs7Y=3Zp5y
8fsq2Uhlpv7=jTHxw
oXUPi2yIr0DH4=b8kqO
8woXjJNY3zTxnk=35i1
1B0cSTgs=TUyt0
0VNOhm2e=HzQB
4TtybE=P1WY
aeKT1MVA=LzW
gHQTp2=Xaq
A0M6lheqFsi=pSD
u0AZEx=6Na
0NqGa51H=17R
p83fRLIKkt6JD=t16
wzRAxOItd0Y=xg60k
sKbRPk=79S
87AdXVuhT=mfF
OxrvSXsieFHZVq=pPt7X
vPLShqCwQEisJ=wqN7
e5trpZ=A79nF
r6Kb7q8Ef9sC=0pX
ciKnBuGhAgD=7zNb2
RDY4QXms=2Qcp
wPmqV=LZd
JMAb0yDKcT=nMt
yTB5gutfHJYKV6d=OWSB
cOaXutoD8T=gEJj
lpHDu=rwARZ
A8kScXVJv7Qe=CP8
r6Kb7q8Ef9sC=0pX
0NqGa51H=17R
8woXjJNY3zTxnk=35i1
EpGSej9Nmrzs7Y=3Zp5y
u0AZEx=6Na
sKbRPk=79S
e5trpZ=A79nF
J3Nr4C=Beg
TrlyPnG=HYg
0VNOhm2e=HzQB
aeKT1MVA=LzW
DdI8RLmxv=O12f
4TtybE=P1WY
1B0cSTgs=TUyt0
zjGWmsfKQB1Tb7y=VgY
gHQTp2=Xaq
N01jz6vTpnB=YGo
oXUPi2yIr0DH4=b8kqO
t4cjzXwDgSM=gXuVF
RS0mE=h9S
8fsq2Uhlpv7=jTHxw
gzdVxy=jrmsc
oK4e2LCvji5sGrp=l3CJj
mnQaKP=lBVH5
87AdXVuhT=mfF
3zOdM=oYrc
OxrvSXsieFHZVq=pPt7X
A0M6lheqFsi=pSD
p83fRLIKkt6JD=t16
vPLShqCwQEisJ=wqN7
wzRAxOItd0Y=xg60k
