0
1
2
3
4
5
6
7
8
9
10
11
12
13
14
15
16
17
false
18
19
20
21
22
23
false
24
25
L619asTm=-36876
fwnAoN4Ig=44998
YJQFrK0fwNHXZRq=-11440
FLAiuYpE=65359
daYCu5c7DW2b=-11006
MVudPk0Af8G6=11531
pYaxK=43758
uSMGF=-34549
TJeQDRb20=34186
vMxC9w4hy=36845
Uw1jOTPqNRd=-49806
Qg9m7PU=41544
NVTK7tHMUker0R1=-7523
FGloLg=64519
s1LAxDE=-33213
BfZ6d7O=42186
H59j40=-63184
IQA9fnzk=-52162
01gT4WDyc2X=-31631
D1MzHv=18871
9QlmKBbknqzepW=-10402
35RruwcQCVMxLsN=25160
FY5fnxd=207
26
27
28
29
L619asTm=-36876
fwnAoN4Ig=44998
YJQFrK0fwNHXZRq=-11440
FLAiuYpE=65359
daYCu5c7DW2b=-11006
MVudPk0Af8G6=11531
pYaxK=43758
uSMGF=-34549
TJeQDRb20=34186
vMxC9w4hy=36845
Uw1jOTPqNRd=-49806
Qg9m7PU=41544
NVTK7tHMUker0R1=-7523
FGloLg=64519
s1LAxDE=-33213
BfZ6d7O=42186
H59j40=-63184
IQA9fnzk=-52162
01gT4WDyc2X=-31631
D1MzHv=18871
9QlmKBbknqzepW=-10402
35RruwcQCVMxLsN=25160
FY5fnxd=207
5ZfKXW3AGFImB=211
D8qdWc4ZGYA=54435
F6CW0KkA5Rc=-61567
FLAiuYpE=65359
FGloLg=64519
D8qdWc4ZGYA=54435
fwnAoN4Ig=44998
pYaxK=43758
BfZ6d7O=42186
Qg9m7PU=41544
vMxC9w4hy=36845
TJeQDRb20=34186
35RruwcQCVMxLsN=25160
D1MzHv=18871
MVudPk0Af8G6=11531
5ZfKXW3AGFImB=211
FY5fnxd=207
NVTK7tHMUker0R1=-7523
9QlmKBbknqzepW=-10402
daYCu5c7DW2b=-11006
YJQFrK0fwNHXZRq=-11440
01gT4WDyc2X=-31631
s1LAxDE=-33213
uSMGF=-34549
L619asTm=-36876
Uw1jOTPqNRd=-49806
IQA9fnzk=-52162
F6CW0KkA5Rc=-61567
H59j40=-63184
30
L619asTm=-36876
fwnAoN4Ig=44998
YJQFrK0fwNHXZRq=-11440
FLAiuYpE=65359
daYCu5c7DW2b=-11006
MVudPk0Af8G6=11531
pYaxK=43758
uSMGF=-34549
TJeQDRb20=34186
vMxC9w4hy=36845
Uw1jOTPqNRd=-49806
Qg9m7PU=41544
NVTK7tHMUker0R1=-7523
FGloLg=64519
s1LAxDE=-33213
BfZ6d7O=42186
H59j40=-63184
IQA9fnzk=-52162
01gT4WDyc2X=-31631
D1MzHv=18871
9QlmKBbknqzepW=-10402
35RruwcQCVMxLsN=25160
FY5fnxd=207
5ZfKXW3AGFImB=211
D8qdWc4ZGYA=54435
F6CW0KkA5Rc=-61567
FLAiuYpE=65359
FGloLg=64519
D8qdWc4ZGYA=54435
fwnAoN4Ig=44998
pYaxK=43758
BfZ6d7O=42186
Qg9m7PU=41544
vMxC9w4hy=36845
TJeQDRb20=34186
35RruwcQCVMxLsN=25160
D1MzHv=18871
MVudPk0Af8G6=11531
5ZfKXW3AGFImB=211
FY5fnxd=207
NVTK7tHMUker0R1=-7523
9QlmKBbknqzepW=-10402
daYCu5c7DW2b=-11006
YJQFrK0fwNHXZRq=-11440
01gT4WDyc2X=-31631
s1LAxDE=-33213
uSMGF=-34549
L619asTm=-36876
Uw1jOTPqNRd=-49806
IQA9fnzk=-52162
F6CW0KkA5Rc=-61567
H59j40=-63184
31
32
33
34
35
36
37
L619asTm=-36876
fwnAoN4Ig=44998
YJQFrK0fwNHXZRq=-11440
FLAiuYpE=65359
daYCu5c7DW2b=-11006
MVudPk0Af8G6=11531
pYaxK=43758
uSMGF=-34549
TJeQDRb20=34186
vMxC9w4hy=36845
Uw1jOTPqNRd=-49806
Qg9m7PU=41544
NVTK7tHMUker0R1=-7523
FGloLg=64519
s1LAxDE=-33213
BfZ6d7O=42186
H59j40=-63184
IQA9fnzk=-52162
01gT4WDyc2X=-31631
D1MzHv=18871
9QlmKBbknqzepW=-10402
35RruwcQCVMxLsN=25160
FY5fnxd=207
5ZfKXW3AGFImB=211
D8qdWc4ZGYA=54435
F6CW0KkA5Rc=-61567
94wSWJ=10375
0bRKEBFsx9jNzM=-48863
W4ZCf=-63583
vknNKPBRY=47499
csA46ZyO5IxDbHp=-25791
z2gTu=-46984
W4ZCf=-63583
H59j40=-63184
F6CW0KkA5Rc=-61567
IQA9fnzk=-52162
Uw1jOTPqNRd=-49806
0bRKEBFsx9jNzM=-48863
z2gTu=-46984
L619asTm=-36876
uSMGF=-34549
s1LAxDE=-33213
01gT4WDyc2X=-31631
csA46ZyO5IxDbHp=-25791
YJQFrK0fwNHXZRq=-11440
daYCu5c7DW2b=-11006
9QlmKBbknqzepW=-10402
NVTK7tHMUker0R1=-7523
FY5fnxd=207
5ZfKXW3AGFImB=211
94wSWJ=10375
MVudPk0Af8G6=11531
D1MzHv=18871
35RruwcQCVMxLsN=25160
TJeQDRb20=34186
vMxC9w4hy=36845
Qg9m7PU=41544
BfZ6d7O=42186
pYaxK=43758
fwnAoN4Ig=44998
vknNKPBRY=47499
D8qdWc4ZGYA=54435
FGloLg=64519
FLAiuYpE=65359
38
39
40
41
L619asTm=-36876
fwnAoN4Ig=44998
YJQFrK0fwNHXZRq=-11440
FLAiuYpE=65359
daYCu5c7DW2b=-11006
MVudPk0Af8G6=11531
pYaxK=43758
uSMGF=-34549
TJeQDRb20=34186
vMxC9w4hy=36845
Uw1jOTPqNRd=-49806
Qg9m7PU=41544
NVTK7tHMUker0R1=-7523
FGloLg=64519
s1LAxDE=-33213
BfZ6d7O=42186
H59j40=-63184
IQA9fnzk=-52162
01gT4WDyc2X=-31631
D1MzHv=18871
9QlmKBbknqzepW=-10402
35RruwcQCVMxLsN=25160
FY5fnxd=207
5ZfKXW3AGFImB=211
D8qdWc4ZGYA=54435
F6CW0KkA5Rc=-61567
94wSWJ=10375
0bRKEBFsx9jNzM=-48863
W4ZCf=-63583
vknNKPBRY=47499
csA46ZyO5IxDbHp=-25791
z2gTu=-46984
t8ZU3v6i=24159
eMmZw1iJs5CUErg=38600
klVgdHW0r=47174
W4ZCf=-63583
H59j40=-63184
F6CW0KkA5Rc=-61567
IQA9fnzk=-52162
Uw1jOTPqNRd=-49806
0bRKEBFsx9jNzM=-48863
z2gTu=-46984
L619asTm=-36876
uSMGF=-34549
s1LAxDE=-33213
01gT4WDyc2X=-31631
csA46ZyO5IxDbHp=-25791
YJQFrK0fwNHXZRq=-11440
daYCu5c7DW2b=-11006
9QlmKBbknqzepW=-10402
NVTK7tHMUker0R1=-7523
FY5fnxd=207
5ZfKXW3AGFImB=211
94wSWJ=10375
MVudPk0Af8G6=11531
D1MzHv=18871
35RruwcQCVMxLsN=25160
TJeQDRb20=34186
vMxC9w4hy=36845
Qg9m7PU=41544
BfZ6d7O=42186
pYaxK=43758
fwnAoN4Ig=44998
vknNKPBRY=47499
D8qdWc4ZGYA=54435
FGloLg=64519
FLAiuYpE=65359
42
L619asTm=-36876
fwnAoN4Ig=44998
YJQFrK0fwNHXZRq=-11440
FLAiuYpE=65359
daYCu5c7DW2b=-11006
MVudPk0Af8G6=11531
pYaxK=43758
uSMGF=-34549
TJeQDRb20=34186
vMxC9w4hy=36845
Uw1jOTPqNRd=-49806
Qg9m7PU=41544
NVTK7tHMUker0R1=-7523
FGloLg=64519
s1LAxDE=-33213
BfZ6d7O=42186
H59j40=-63184
IQA9fnzk=-52162
01gT4WDyc2X=-31631
D1MzHv=18871
9QlmKBbknqzepW=-10402
35RruwcQCVMxLsN=25160
FY5fnxd=207
5ZfKXW3AGFImB=211
D8qdWc4ZGYA=54435
F6CW0KkA5Rc=-61567
94wSWJ=10375
0bRKEBFsx9jNzM=-48863
W4ZCf=-63583
vknNKPBRY=47499
csA46ZyO5IxDbHp=-25791
z2gTu=-46984
t8ZU3v6i=24159
eMmZw1iJs5CUErg=38600
klVgdHW0r=47174
W4ZCf=-63583
H59j40=-63184
F6CW0KkA5Rc=-61567
IQA9fnzk=-52162
Uw1jOTPqNRd=-49806
0bRKEBFsx9jNzM=-48863
z2gTu=-46984
L619asTm=-36876
uSMGF=-34549
s1LAxDE=-33213
01gT4WDyc2X=-31631
csA46ZyO5IxDbHp=-25791
YJQFrK0fwNHXZRq=-11440
daYCu5c7DW2b=-11006
9QlmKBbknqzepW=-10402
NVTK7tHMUker0R1=-7523
FY5fnxd=207
5ZfKXW3AGFImB=211
94wSWJ=10375
MVudPk0Af8G6=11531
D1MzHv=18871
35RruwcQCVMxLsN=25160
TJeQDRb20=34186
vMxC9w4hy=36845
Qg9m7PU=41544
BfZ6d7O=42186
pYaxK=43758
fwnAoN4Ig=44998
vknNKPBRY=47499
D8qdWc4ZGYA=54435
FGloLg=64519
FLAiuYpE=65359
43
44
45
46
47
48
49
50
51
52
53
54
55
56
57
58
L619asTm=-36876
fwnAoN4Ig=44998
YJQFrK0fwNHXZRq=-11440
FLAiuYpE=65359
daYCu5c7DW2b=-11006
MVudPk0Af8G6=11531
pYaxK=43758
uSMGF=-34549
TJeQDRb20=34186
vMxC9w4hy=36845
Uw1jOTPqNRd=-49806
Qg9m7PU=41544
NVTK7tHMUker0R1=-7523
FGloLg=64519
s1LAxDE=-33213
BfZ6d7O=42186
H59j40=-63184
IQA9fnzk=-52162
01gT4WDyc2X=-31631
D1MzHv=18871
9QlmKBbknqzepW=-10402
35RruwcQCVMxLsN=25160
FY5fnxd=207
5ZfKXW3AGFImB=211
D8qdWc4ZGYA=54435
F6CW0KkA5Rc=-61567
94wSWJ=10375
0bRKEBFsx9jNzM=-48863
W4ZCf=-63583
vknNKPBRY=47499
csA46ZyO5IxDbHp=-25791
z2gTu=-46984
t8ZU3v6i=24159
eMmZw1iJs5CUErg=38600
klVgdHW0r=47174
BMWa6wP4=31057
0a6qz=24368
uqTVHg1am9FdRw=6845
3OPStwWC4=-1678
BMVqYfpDSteWr=-4538
rRyZxnLFYqCl=-23370
f4vSu2PRgaT=-42436
i7MUkXzg4HR8=-25119
CG70yqQo6YZ=12950
8CqTDpXm=-4279
awnC8dTRo=-58166
x46UdmAu2SfKz=28878
tQOb6UBCofF=44307
IeU2RvOVMiYkw=-36714
crxn0IQgk28z=-62828
W4ZCf=-63583
H59j40=-63184
F6CW0KkA5Rc=-61567
IQA9fnzk=-52162
Uw1jOTPqNRd=-49806
0bRKEBFsx9jNzM=-48863
z2gTu=-46984
L619asTm=-36876
uSMGF=-34549
s1LAxDE=-33213
01gT4WDyc2X=-31631
csA46ZyO5IxDbHp=-25791
YJQFrK0fwNHXZRq=-11440
daYCu5c7DW2b=-11006
9QlmKBbknqzepW=-10402
NVTK7tHMUker0R1=-7523
FY5fnxd=207
5ZfKXW3AGFImB=211
94wSWJ=10375
MVudPk0Af8G6=11531
D1MzHv=18871
35RruwcQCVMxLsN=25160
TJeQDRb20=34186
vMxC9w4hy=36845
Qg9m7PU=41544
BfZ6d7O=42186
pYaxK=43758
fwnAoN4Ig=44998
vknNKPBRY=47499
D8qdWc4ZGYA=54435
FGloLg=64519
FLAiuYpE=65359
59
60
false
61
62
63
64
65
66
67
68
69
70
71
L619asTm=-36876
fwnAoN4Ig=44998
YJQFrK0fwNHXZRq=-11440
FLAiuYpE=65359
daYCu5c7DW2b=-11006
MVudPk0Af8G6=11531
pYaxK=43758
uSMGF=-34549
TJeQDRb20=34186
vMxC9w4hy=36845
Uw1jOTPqNRd=-49806
Qg9m7PU=41544
NVTK7tHMUker0R1=-7523
FGloLg=64519
s1LAxDE=-33213
BfZ6d7O=42186
H59j40=-63184
IQA9fnzk=-52162
01gT4WDyc2X=-31631
D1MzHv=18871
9QlmKBbknqzepW=-10402
35RruwcQCVMxLsN=25160
FY5fnxd=207
5ZfKXW3AGFImB=211
D8qdWc4ZGYA=54435
F6CW0KkA5Rc=-61567
94wSWJ=10375
0bRKEBFsx9jNzM=-48863
W4ZCf=-63583
vknNKPBRY=47499
csA46ZyO5IxDbHp=-25791
z2gTu=-46984
t8ZU3v6i=24159
eMmZw1iJs5CUErg=38600
klVgdHW0r=47174
BMWa6wP4=31057
0a6qz=24368
uqTVHg1am9FdRw=6845
3OPStwWC4=-1678
BMVqYfpDSteWr=-4538
rRyZxnLFYqCl=-23370
f4vSu2PRgaT=-42436
i7MUkXzg4HR8=-25119
CG70yqQo6YZ=12950
8CqTDpXm=-4279
awnC8dTRo=-58166
x46UdmAu2SfKz=28878
tQOb6UBCofF=44307
IeU2RvOVMiYkw=-36714
crxn0IQgk28z=-62828
izxBlvhkeRF=-55017
ScVhny=-5501
JWO7wx8AnLsvQ3j=-12699
Aq6SRbolQhcz59=57730
zAhOvlY=27371
1H7sPRbByZ=-57480
CPJdsowt=8407
81bYAwLJcUyHV=-9751
LbS9igNKvHFhC1=33014
p4atmZUbdxsCA=32769
UKiSRw5MfY=15757
W4ZCf=-63583
H59j40=-63184
F6CW0KkA5Rc=-61567
IQA9fnzk=-52162
Uw1jOTPqNRd=-49806
0bRKEBFsx9jNzM=-48863
z2gTu=-46984
L619asTm=-36876
uSMGF=-34549
s1LAxDE=-33213
01gT4WDyc2X=-31631
csA46ZyO5IxDbHp=-25791
YJQFrK0fwNHXZRq=-11440
daYCu5c7DW2b=-11006
9QlmKBbknqzepW=-10402
NVTK7tHMUker0R1=-7523
FY5fnxd=207
5ZfKXW3AGFImB=211
94wSWJ=10375
MVudPk0Af8G6=11531
D1MzHv=18871
35RruwcQCVMxLsN=25160
TJeQDRb20=34186
vMxC9w4hy=36845
Qg9m7PU=41544
BfZ6d7O=42186
pYaxK=43758
fwnAoN4Ig=44998
vknNKPBRY=47499
D8qdWc4ZGYA=54435
FGloLg=64519
FLAiuYpE=65359
72
73
74
75
76
77
L619asTm=-36876
fwnAoN4Ig=44998
YJQFrK0fwNHXZRq=-11440
FLAiuYpE=65359
daYCu5c7DW2b=-11006
MVudPk0Af8G6=11531
pYaxK=43758
uSMGF=-34549
TJeQDRb20=34186
vMxC9w4hy=36845
Uw1jOTPqNRd=-49806
Qg9m7PU=41544
NVTK7tHMUker0R1=-7523
FGloLg=64519
s1LAxDE=-33213
BfZ6d7O=42186
H59j40=-63184
IQA9fnzk=-52162
01gT4WDyc2X=-31631
D1MzHv=18871
9QlmKBbknqzepW=-10402
35RruwcQCVMxLsN=25160
FY5fnxd=207
5ZfKXW3AGFImB=211
D8qdWc4ZGYA=54435
F6CW0KkA5Rc=-61567
94wSWJ=10375
0bRKEBFsx9jNzM=-48863
W4ZCf=-63583
vknNKPBRY=47499
csA46ZyO5IxDbHp=-25791
z2gTu=-46984
t8ZU3v6i=24159
eMmZw1iJs5CUErg=38600
klVgdHW0r=47174
BMWa6wP4=31057
0a6qz=24368
uqTVHg1am9FdRw=6845
3OPStwWC4=-1678
BMVqYfpDSteWr=-4538
rRyZxnLFYqCl=-23370
f4vSu2PRgaT=-42436
i7MUkXzg4HR8=-25119
CG70yqQo6YZ=12950
8CqTDpXm=-4279
awnC8dTRo=-58166
x46UdmAu2SfKz=28878
tQOb6UBCofF=44307
IeU2RvOVMiYkw=-36714
crxn0IQgk28z=-62828
izxBlvhkeRF=-55017
ScVhny=-5501
JWO7wx8AnLsvQ3j=-12699
Aq6SRbolQhcz59=57730
zAhOvlY=27371
1H7sPRbByZ=-57480
CPJdsowt=8407
81bYAwLJcUyHV=-9751
LbS9igNKvHFhC1=33014
p4atmZUbdxsCA=32769
UKiSRw5MfY=15757
V5E43xOkKd=705
TeQzjsqt=26333
XVBDlY2PTuE=39280
0aJgSx=-52916
zuJFm=-19119
FLAiuYpE=65359
FGloLg=64519
Aq6SRbolQhcz59=57730
D8qdWc4ZGYA=54435
vknNKPBRY=47499
klVgdHW0r=47174
fwnAoN4Ig=44998
tQOb6UBCofF=44307
pYaxK=43758
BfZ6d7O=42186
Qg9m7PU=41544
XVBDlY2PTuE=39280
eMmZw1iJs5CUErg=38600
vMxC9w4hy=36845
TJeQDRb20=34186
LbS9igNKvHFhC1=33014
p4atmZUbdxsCA=32769
BMWa6wP4=31057
x46UdmAu2SfKz=28878
zAhOvlY=27371
TeQzjsqt=26333
35RruwcQCVMxLsN=25160
0a6qz=24368
t8ZU3v6i=24159
D1MzHv=18871
UKiSRw5MfY=15757
CG70yqQo6YZ=12950
MVudPk0Af8G6=11531
94wSWJ=10375
CPJdsowt=8407
uqTVHg1am9FdRw=6845
V5E43xOkKd=705
5ZfKXW3AGFImB=211
FY5fnxd=207
3OPStwWC4=-1678
8CqTDpXm=-4279
BMVqYfpDSteWr=-4538
ScVhny=-5501
NVTK7tHMUker0R1=-7523
81bYAwLJcUyHV=-9751
9QlmKBbknqzepW=-10402
daYCu5c7DW2b=-11006
YJQFrK0fwNHXZRq=-11440
JWO7wx8AnLsvQ3j=-12699
zuJFm=-19119
rRyZxnLFYqCl=-23370
i7MUkXzg4HR8=-25119
csA46ZyO5IxDbHp=-25791
01gT4WDyc2X=-31631
s1LAxDE=-33213
uSMGF=-34549
IeU2RvOVMiYkw=-36714
L619asTm=-36876
f4vSu2PRgaT=-42436
z2gTu=-46984
0bRKEBFsx9jNzM=-48863
Uw1jOTPqNRd=-49806
IQA9fnzk=-52162
0aJgSx=-52916
izxBlvhkeRF=-55017
1H7sPRbByZ=-57480
awnC8dTRo=-58166
F6CW0KkA5Rc=-61567
crxn0IQgk28z=-62828
H59j40=-63184
W4ZCf=-63583
78
L619asTm=-36876
fwnAoN4Ig=44998
YJQFrK0fwNHXZRq=-11440
FLAiuYpE=65359
daYCu5c7DW2b=-11006
MVudPk0Af8G6=11531
pYaxK=43758
uSMGF=-34549
TJeQDRb20=34186
vMxC9w4hy=36845
Uw1jOTPqNRd=-49806
Qg9m7PU=41544
NVTK7tHMUker0R1=-7523
FGloLg=64519
s1LAxDE=-33213
BfZ6d7O=42186
H59j40=-63184
IQA9fnzk=-52162
01gT4WDyc2X=-31631
D1MzHv=18871
9QlmKBbknqzepW=-10402
35RruwcQCVMxLsN=25160
FY5fnxd=207
5ZfKXW3AGFImB=211
D8qdWc4ZGYA=54435
F6CW0KkA5Rc=-61567
94wSWJ=10375
0bRKEBFsx9jNzM=-48863
W4ZCf=-63583
vknNKPBRY=47499
csA46ZyO5IxDbHp=-25791
z2gTu=-46984
t8ZU3v6i=24159
eMmZw1iJs5CUErg=38600
klVgdHW0r=47174
BMWa6wP4=31057
0a6qz=24368
uqTVHg1am9FdRw=6845
3OPStwWC4=-1678
BMVqYfpDSteWr=-4538
rRyZxnLFYqCl=-23370
f4vSu2PRgaT=-42436
i7MUkXzg4HR8=-25119
CG70yqQo6YZ=12950
8CqTDpXm=-4279
awnC8dTRo=-58166
x46UdmAu2SfKz=28878
tQOb6UBCofF=44307
IeU2RvOVMiYkw=-36714
crxn0IQgk28z=-62828
izxBlvhkeRF=-55017
ScVhny=-5501
JWO7wx8AnLsvQ3j=-12699
Aq6SRbolQhcz59=57730
zAhOvlY=27371
1H7sPRbByZ=-57480
CPJdsowt=8407
81bYAwLJcUyHV=-9751
LbS9igNKvHFhC1=33014
p4atmZUbdxsCA=32769
UKiSRw5MfY=15757
V5E43xOkKd=705
TeQzjsqt=26333
XVBDlY2PTuE=39280
0aJgSx=-52916
zuJFm=-19119
FLAiuYpE=65359
FGloLg=64519
Aq6SRbolQhcz59=57730
D8qdWc4ZGYA=54435
vknNKPBRY=47499
klVgdHW0r=47174
fwnAoN4Ig=44998
tQOb6UBCofF=44307
pYaxK=43758
BfZ6d7O=42186
Qg9m7PU=41544
XVBDlY2PTuE=39280
eMmZw1iJs5CUErg=38600
vMxC9w4hy=36845
TJeQDRb20=34186
LbS9igNKvHFhC1=33014
p4atmZUbdxsCA=32769
BMWa6wP4=31057
x46UdmAu2SfKz=28878
zAhOvlY=27371
TeQzjsqt=26333
35RruwcQCVMxLsN=25160
0a6qz=24368
t8ZU3v6i=24159
D1MzHv=18871
UKiSRw5MfY=15757
CG70yqQo6YZ=12950
MVudPk0Af8G6=11531
94wSWJ=10375
CPJdsowt=8407
uqTVHg1am9FdRw=6845
V5E43xOkKd=705
5ZfKXW3AGFImB=211
FY5fnxd=207
3OPStwWC4=-1678
8CqTDpXm=-4279
BMVqYfpDSteWr=-4538
ScVhny=-5501
NVTK7tHMUker0R1=-7523
81bYAwLJcUyHV=-9751
9QlmKBbknqzepW=-10402
daYCu5c7DW2b=-11006
YJQFrK0fwNHXZRq=-11440
JWO7wx8AnLsvQ3j=-12699
zuJFm=-19119
rRyZxnLFYqCl=-23370
i7MUkXzg4HR8=-25119
csA46ZyO5IxDbHp=-25791
01gT4WDyc2X=-31631
s1LAxDE=-33213
uSMGF=-34549
IeU2RvOVMiYkw=-36714
L619asTm=-36876
f4vSu2PRgaT=-42436
z2gTu=-46984
0bRKEBFsx9jNzM=-48863
Uw1jOTPqNRd=-49806
IQA9fnzk=-52162
0aJgSx=-52916
izxBlvhkeRF=-55017
1H7sPRbByZ=-57480
awnC8dTRo=-58166
F6CW0KkA5Rc=-61567
crxn0IQgk28z=-62828
H59j40=-63184
W4ZCf=-63583
79
80
L619asTm=-36876
fwnAoN4Ig=44998
YJQFrK0fwNHXZRq=-11440
FLAiuYpE=65359
daYCu5c7DW2b=-11006
MVudPk0Af8G6=11531
pYaxK=43758
uSMGF=-34549
TJeQDRb20=34186
vMxC9w4hy=36845
Uw1jOTPqNRd=-49806
Qg9m7PU=41544
NVTK7tHMUker0R1=-7523
FGloLg=64519
s1LAxDE=-33213
BfZ6d7O=42186
H59j40=-63184
IQA9fnzk=-52162
01gT4WDyc2X=-31631
D1MzHv=18871
9QlmKBbknqzepW=-10402
35RruwcQCVMxLsN=25160
FY5fnxd=207
5ZfKXW3AGFImB=211
D8qdWc4ZGYA=54435
F6CW0KkA5Rc=-61567
94wSWJ=10375
0bRKEBFsx9jNzM=-48863
W4ZCf=-63583
vknNKPBRY=47499
csA46ZyO5IxDbHp=-25791
z2gTu=-46984
t8ZU3v6i=24159
eMmZw1iJs5CUErg=38600
klVgdHW0r=47174
BMWa6wP4=31057
0a6qz=24368
uqTVHg1am9FdRw=6845
3OPStwWC4=-1678
BMVqYfpDSteWr=-4538
rRyZxnLFYqCl=-23370
f4vSu2PRgaT=-42436
i7MUkXzg4HR8=-25119
CG70yqQo6YZ=12950
8CqTDpXm=-4279
awnC8dTRo=-58166
x46UdmAu2SfKz=28878
tQOb6UBCofF=44307
IeU2RvOVMiYkw=-36714
crxn0IQgk28z=-62828
izxBlvhkeRF=-55017
ScVhny=-5501
JWO7wx8AnLsvQ3j=-12699
Aq6SRbolQhcz59=57730
zAhOvlY=27371
1H7sPRbByZ=-57480
CPJdsowt=8407
81bYAwLJcUyHV=-9751
LbS9igNKvHFhC1=33014
p4atmZUbdxsCA=32769
UKiSRw5MfY=15757
V5E43xOkKd=705
TeQzjsqt=26333
XVBDlY2PTuE=39280
0aJgSx=-52916
zuJFm=-19119
mahLPY=-12064
W4ZCf=-63583
H59j40=-63184
crxn0IQgk28z=-62828
F6CW0KkA5Rc=-61567
awnC8dTRo=-58166
1H7sPRbByZ=-57480
izxBlvhkeRF=-55017
0aJgSx=-52916
IQA9fnzk=-52162
Uw1jOTPqNRd=-49806
0bRKEBFsx9jNzM=-48863
z2gTu=-46984
f4vSu2PRgaT=-42436
L619asTm=-36876
IeU2RvOVMiYkw=-36714
uSMGF=-34549
s1LAxDE=-33213
01gT4WDyc2X=-31631
csA46ZyO5IxDbHp=-25791
i7MUkXzg4HR8=-25119
rRyZxnLFYqCl=-23370
zuJFm=-19119
JWO7wx8AnLsvQ3j=-12699
mahLPY=-12064
YJQFrK0fwNHXZRq=-11440
daYCu5c7DW2b=-11006
9QlmKBbknqzepW=-10402
81bYAwLJcUyHV=-9751
NVTK7tHMUker0R1=-7523
ScVhny=-5501
BMVqYfpDSteWr=-4538
8CqTDpXm=-4279
3OPStwWC4=-1678
FY5fnxd=207
5ZfKXW3AGFImB=211
V5E43xOkKd=705
uqTVHg1am9FdRw=6845
CPJdsowt=8407
94wSWJ=10375
MVudPk0Af8G6=11531
CG70yqQo6YZ=12950
UKiSRw5MfY=15757
D1MzHv=18871
t8ZU3v6i=24159
0a6qz=24368
35RruwcQCVMxLsN=25160
TeQzjsqt=26333
zAhOvlY=27371
x46UdmAu2SfKz=28878
BMWa6wP4=31057
p4atmZUbdxsCA=32769
LbS9igNKvHFhC1=33014
TJeQDRb20=34186
vMxC9w4hy=36845
eMmZw1iJs5CUErg=38600
XVBDlY2PTuE=39280
Qg9m7PU=41544
BfZ6d7O=42186
pYaxK=43758
tQOb6UBCofF=44307
fwnAoN4Ig=44998
klVgdHW0r=47174
vknNKPBRY=47499
D8qdWc4ZGYA=54435
Aq6SRbolQhcz59=57730
FGloLg=64519
FLAiuYpE=65359
81
82
83
84
85
86
87
L619asTm=-36876
fwnAoN4Ig=44998
YJQFrK0fwNHXZRq=-11440
FLAiuYpE=65359
daYCu5c7DW2b=-11006
MVudPk0Af8G6=11531
pYaxK=43758
uSMGF=-34549
TJeQDRb20=34186
vMxC9w4hy=36845
Uw1jOTPqNRd=-49806
Qg9m7PU=41544
NVTK7tHMUker0R1=-7523
FGloLg=64519
s1LAxDE=-33213
BfZ6d7O=42186
H59j40=-63184
IQA9fnzk=-52162
01gT4WDyc2X=-31631
D1MzHv=18871
9QlmKBbknqzepW=-10402
35RruwcQCVMxLsN=25160
FY5fnxd=207
5ZfKXW3AGFImB=211
D8qdWc4ZGYA=54435
F6CW0KkA5Rc=-61567
94wSWJ=10375
0bRKEBFsx9jNzM=-48863
W4ZCf=-63583
vknNKPBRY=47499
csA46ZyO5IxDbHp=-25791
z2gTu=-46984
t8ZU3v6i=24159
eMmZw1iJs5CUErg=38600
klVgdHW0r=47174
BMWa6wP4=31057
0a6qz=24368
uqTVHg1am9FdRw=6845
3OPStwWC4=-1678
BMVqYfpDSteWr=-4538
rRyZxnLFYqCl=-23370
f4vSu2PRgaT=-42436
i7MUkXzg4HR8=-25119
CG70yqQo6YZ=12950
8CqTDpXm=-4279
awnC8dTRo=-58166
x46UdmAu2SfKz=28878
tQOb6UBCofF=44307
IeU2RvOVMiYkw=-36714
crxn0IQgk28z=-62828
izxBlvhkeRF=-55017
ScVhny=-5501
JWO7wx8AnLsvQ3j=-12699
Aq6SRbolQhcz59=57730
zAhOvlY=27371
1H7sPRbByZ=-57480
CPJdsowt=8407
81bYAwLJcUyHV=-9751
LbS9igNKvHFhC1=33014
p4atmZUbdxsCA=32769
UKiSRw5MfY=15757
V5E43xOkKd=705
TeQzjsqt=26333
XVBDlY2PTuE=39280
0aJgSx=-52916
zuJFm=-19119
mahLPY=-12064
Uwi87VkYAhTNp=-37095
3hLSjx=2165
eEPMp83Q=-6366
UBHc2rGAa7qjkYT=-50398
FYtCZ2OAupG=-17710
I57MGQsT3VvYNg=46590
FLAiuYpE=65359
FGloLg=64519
Aq6SRbolQhcz59=57730
D8qdWc4ZGYA=54435
vknNKPBRY=47499
klVgdHW0r=47174
I57MGQsT3VvYNg=46590
fwnAoN4Ig=44998
tQOb6UBCofF=44307
pYaxK=43758
BfZ6d7O=42186
Qg9m7PU=41544
XVBDlY2PTuE=39280
eMmZw1iJs5CUErg=38600
vMxC9w4hy=36845
TJeQDRb20=34186
LbS9igNKvHFhC1=33014
p4atmZUbdxsCA=32769
BMWa6wP4=31057
x46UdmAu2SfKz=28878
zAhOvlY=27371
TeQzjsqt=26333
35RruwcQCVMxLsN=25160
0a6qz=24368
t8ZU3v6i=24159
D1MzHv=18871
UKiSRw5MfY=15757
CG70yqQo6YZ=12950
MVudPk0Af8G6=11531
94wSWJ=10375
CPJdsowt=8407
uqTVHg1am9FdRw=6845
3hLSjx=2165
V5E43xOkKd=705
5ZfKXW3AGFImB=211
FY5fnxd=207
3OPStwWC4=-1678
8CqTDpXm=-4279
BMVqYfpDSteWr=-4538
ScVhny=-5501
eEPMp83Q=-6366
NVTK7tHMUker0R1=-7523
81bYAwLJcUyHV=-9751
9QlmKBbknqzepW=-10402
daYCu5c7DW2b=-11006
YJQFrK0fwNHXZRq=-11440
mahLPY=-12064
JWO7wx8AnLsvQ3j=-12699
FYtCZ2OAupG=-17710
zuJFm=-19119
rRyZxnLFYqCl=-23370
i7MUkXzg4HR8=-25119
csA46ZyO5IxDbHp=-25791
01gT4WDyc2X=-31631
s1LAxDE=-33213
uSMGF=-34549
IeU2RvOVMiYkw=-36714
L619asTm=-36876
Uwi87VkYAhTNp=-37095
f4vSu2PRgaT=-42436
z2gTu=-46984
0bRKEBFsx9jNzM=-48863
Uw1jOTPqNRd=-49806
UBHc2rGAa7qjkYT=-50398
IQA9fnzk=-52162
0aJgSx=-52916
izxBlvhkeRF=-55017
1H7sPRbByZ=-57480
awnC8dTRo=-58166
F6CW0KkA5Rc=-61567
crxn0IQgk28z=-62828
H59j40=-63184
W4ZCf=-63583
88
89
90
91
L619asTm=-36876
fwnAoN4Ig=44998
YJQFrK0fwNHXZRq=-11440
FLAiuYpE=65359
daYCu5c7DW2b=-11006
MVudPk0Af8G6=11531
pYaxK=43758
uSMGF=-34549
TJeQDRb20=34186
vMxC9w4hy=36845
Uw1jOTPqNRd=-49806
Qg9m7PU=41544
NVTK7tHMUker0R1=-7523
FGloLg=64519
s1LAxDE=-33213
BfZ6d7O=42186
H59j40=-63184
IQA9fnzk=-52162
01gT4WDyc2X=-31631
D1MzHv=18871
9QlmKBbknqzepW=-10402
35RruwcQCVMxLsN=25160
FY5fnxd=207
5ZfKXW3AGFImB=211
D8qdWc4ZGYA=54435
F6CW0KkA5Rc=-61567
94wSWJ=10375
0bRKEBFsx9jNzM=-48863
W4ZCf=-63583
vknNKPBRY=47499
csA46ZyO5IxDbHp=-25791
z2gTu=-46984
t8ZU3v6i=24159
eMmZw1iJs5CUErg=38600
klVgdHW0r=47174
BMWa6wP4=31057
0a6qz=24368
uqTVHg1am9FdRw=6845
3OPStwWC4=-1678
BMVqYfpDSteWr=-4538
rRyZxnLFYqCl=-23370
f4vSu2PRgaT=-42436
i7MUkXzg4HR8=-25119
CG70yqQo6YZ=12950
8CqTDpXm=-4279
awnC8dTRo=-58166
x46UdmAu2SfKz=28878
tQOb6UBCofF=44307
IeU2RvOVMiYkw=-36714
crxn0IQgk28z=-62828
izxBlvhkeRF=-55017
ScVhny=-5501
JWO7wx8AnLsvQ3j=-12699
Aq6SRbolQhcz59=57730
zAhOvlY=27371
1H7sPRbByZ=-57480
CPJdsowt=8407
81bYAwLJcUyHV=-9751
LbS9igNKvHFhC1=33014
p4atmZUbdxsCA=32769
UKiSRw5MfY=15757
V5E43xOkKd=705
TeQzjsqt=26333
XVBDlY2PTuE=39280
0aJgSx=-52916
zuJFm=-19119
mahLPY=-12064
Uwi87VkYAhTNp=-37095
3hLSjx=2165
eEPMp83Q=-6366
UBHc2rGAa7qjkYT=-50398
FYtCZ2OAupG=-17710
I57MGQsT3VvYNg=46590
rcYjXGOse=-50691
BlrPTR4iCGqA5p=-26153
sHWvNkOtRQfjoBc=38439
FLAiuYpE=65359
FGloLg=64519
Aq6SRbolQhcz59=57730
D8qdWc4ZGYA=54435
vknNKPBRY=47499
klVgdHW0r=47174
I57MGQsT3VvYNg=46590
fwnAoN4Ig=44998
tQOb6UBCofF=44307
pYaxK=43758
BfZ6d7O=42186
Qg9m7PU=41544
XVBDlY2PTuE=39280
eMmZw1iJs5CUErg=38600
vMxC9w4hy=36845
TJeQDRb20=34186
LbS9igNKvHFhC1=33014
p4atmZUbdxsCA=32769
BMWa6wP4=31057
x46UdmAu2SfKz=28878
zAhOvlY=27371
TeQzjsqt=26333
35RruwcQCVMxLsN=25160
0a6qz=24368
t8ZU3v6i=24159
D1MzHv=18871
UKiSRw5MfY=15757
CG70yqQo6YZ=12950
MVudPk0Af8G6=11531
94wSWJ=10375
CPJdsowt=8407
uqTVHg1am9FdRw=6845
3hLSjx=2165
V5E43xOkKd=705
5ZfKXW3AGFImB=211
FY5fnxd=207
3OPStwWC4=-1678
8CqTDpXm=-4279
BMVqYfpDSteWr=-4538
ScVhny=-5501
eEPMp83Q=-6366
NVTK7tHMUker0R1=-7523
81bYAwLJcUyHV=-9751
9QlmKBbknqzepW=-10402
daYCu5c7DW2b=-11006
YJQFrK0fwNHXZRq=-11440
mahLPY=-12064
JWO7wx8AnLsvQ3j=-12699
FYtCZ2OAupG=-17710
zuJFm=-19119
rRyZxnLFYqCl=-23370
i7MUkXzg4HR8=-25119
csA46ZyO5IxDbHp=-25791
01gT4WDyc2X=-31631
s1LAxDE=-33213
uSMGF=-34549
IeU2RvOVMiYkw=-36714
L619asTm=-36876
Uwi87VkYAhTNp=-37095
f4vSu2PRgaT=-42436
z2gTu=-46984
0bRKEBFsx9jNzM=-48863
Uw1jOTPqNRd=-49806
UBHc2rGAa7qjkYT=-50398
IQA9fnzk=-52162
0aJgSx=-52916
izxBlvhkeRF=-55017
1H7sPRbByZ=-57480
awnC8dTRo=-58166
F6CW0KkA5Rc=-61567
crxn0IQgk28z=-62828
H59j40=-63184
W4ZCf=-63583
92
93
L619asTm=-36876
fwnAoN4Ig=44998
YJQFrK0fwNHXZRq=-11440
FLAiuYpE=65359
daYCu5c7DW2b=-11006
MVudPk0Af8G6=11531
pYaxK=43758
uSMGF=-34549
TJeQDRb20=34186
vMxC9w4hy=36845
Uw1jOTPqNRd=-49806
Qg9m7PU=41544
NVTK7tHMUker0R1=-7523
FGloLg=64519
s1LAxDE=-33213
BfZ6d7O=42186
H59j40=-63184
IQA9fnzk=-52162
01gT4WDyc2X=-31631
D1MzHv=18871
9QlmKBbknqzepW=-10402
35RruwcQCVMxLsN=25160
FY5fnxd=207
5ZfKXW3AGFImB=211
D8qdWc4ZGYA=54435
F6CW0KkA5Rc=-61567
94wSWJ=10375
0bRKEBFsx9jNzM=-48863
W4ZCf=-63583
vknNKPBRY=47499
csA46ZyO5IxDbHp=-25791
z2gTu=-46984
t8ZU3v6i=24159
eMmZw1iJs5CUErg=38600
klVgdHW0r=47174
BMWa6wP4=31057
0a6qz=24368
uqTVHg1am9FdRw=6845
3OPStwWC4=-1678
BMVqYfpDSteWr=-4538
rRyZxnLFYqCl=-23370
f4vSu2PRgaT=-42436
i7MUkXzg4HR8=-25119
CG70yqQo6YZ=12950
8CqTDpXm=-4279
awnC8dTRo=-58166
x46UdmAu2SfKz=28878
tQOb6UBCofF=44307
IeU2RvOVMiYkw=-36714
crxn0IQgk28z=-62828
izxBlvhkeRF=-55017
ScVhny=-5501
JWO7wx8AnLsvQ3j=-12699
Aq6SRbolQhcz59=57730
zAhOvlY=27371
1H7sPRbByZ=-57480
CPJdsowt=8407
81bYAwLJcUyHV=-9751
LbS9igNKvHFhC1=33014
p4atmZUbdxsCA=32769
UKiSRw5MfY=15757
V5E43xOkKd=705
TeQzjsqt=26333
XVBDlY2PTuE=39280
0aJgSx=-52916
zuJFm=-19119
mahLPY=-12064
Uwi87VkYAhTNp=-37095
3hLSjx=2165
eEPMp83Q=-6366
UBHc2rGAa7qjkYT=-50398
FYtCZ2OAupG=-17710
I57MGQsT3VvYNg=46590
rcYjXGOse=-50691
BlrPTR4iCGqA5p=-26153
sHWvNkOtRQfjoBc=38439
f3c7YIaEQFHz=-56910
FLAiuYpE=65359
FGloLg=64519
Aq6SRbolQhcz59=57730
D8qdWc4ZGYA=54435
vknNKPBRY=47499
klVgdHW0r=47174
I57MGQsT3VvYNg=46590
fwnAoN4Ig=44998
tQOb6UBCofF=44307
pYaxK=43758
BfZ6d7O=42186
Qg9m7PU=41544
XVBDlY2PTuE=39280
eMmZw1iJs5CUErg=38600
vMxC9w4hy=36845
TJeQDRb20=34186
LbS9igNKvHFhC1=33014
p4atmZUbdxsCA=32769
BMWa6wP4=31057
x46UdmAu2SfKz=28878
zAhOvlY=27371
TeQzjsqt=26333
35RruwcQCVMxLsN=25160
0a6qz=24368
t8ZU3v6i=24159
D1MzHv=18871
UKiSRw5MfY=15757
CG70yqQo6YZ=12950
MVudPk0Af8G6=11531
94wSWJ=10375
CPJdsowt=8407
uqTVHg1am9FdRw=6845
3hLSjx=2165
V5E43xOkKd=705
5ZfKXW3AGFImB=211
FY5fnxd=207
3OPStwWC4=-1678
8CqTDpXm=-4279
BMVqYfpDSteWr=-4538
ScVhny=-5501
eEPMp83Q=-6366
NVTK7tHMUker0R1=-7523
81bYAwLJcUyHV=-9751
9QlmKBbknqzepW=-10402
daYCu5c7DW2b=-11006
YJQFrK0fwNHXZRq=-11440
mahLPY=-12064
JWO7wx8AnLsvQ3j=-12699
FYtCZ2OAupG=-17710
zuJFm=-19119
rRyZxnLFYqCl=-23370
i7MUkXzg4HR8=-25119
csA46ZyO5IxDbHp=-25791
01gT4WDyc2X=-31631
s1LAxDE=-33213
uSMGF=-34549
IeU2RvOVMiYkw=-36714
L619asTm=-36876
Uwi87VkYAhTNp=-37095
f4vSu2PRgaT=-42436
z2gTu=-46984
0bRKEBFsx9jNzM=-48863
Uw1jOTPqNRd=-49806
UBHc2rGAa7qjkYT=-50398
IQA9fnzk=-52162
0aJgSx=-52916
izxBlvhkeRF=-55017
1H7sPRbByZ=-57480
awnC8dTRo=-58166
F6CW0KkA5Rc=-61567
crxn0IQgk28z=-62828
H59j40=-63184
W4ZCf=-63583
94
95
96
97
98
99
L619asTm=-36876
fwnAoN4Ig=44998
YJQFrK0fwNHXZRq=-11440
FLAiuYpE=65359
daYCu5c7DW2b=-11006
MVudPk0Af8G6=11531
pYaxK=43758
uSMGF=-34549
TJeQDRb20=34186
vMxC9w4hy=36845
Uw1jOTPqNRd=-49806
Qg9m7PU=41544
NVTK7tHMUker0R1=-7523
FGloLg=64519
s1LAxDE=-33213
BfZ6d7O=42186
H59j40=-63184
IQA9fnzk=-52162
01gT4WDyc2X=-31631
D1MzHv=18871
9QlmKBbknqzepW=-10402
35RruwcQCVMxLsN=25160
FY5fnxd=207
5ZfKXW3AGFImB=211
D8qdWc4ZGYA=54435
F6CW0KkA5Rc=-61567
94wSWJ=10375
0bRKEBFsx9jNzM=-48863
W4ZCf=-63583
vknNKPBRY=47499
csA46ZyO5IxDbHp=-25791
z2gTu=-46984
t8ZU3v6i=24159
eMmZw1iJs5CUErg=38600
klVgdHW0r=47174
BMWa6wP4=31057
0a6qz=24368
uqTVHg1am9FdRw=6845
3OPStwWC4=-1678
BMVqYfpDSteWr=-4538
rRyZxnLFYqCl=-23370
f4vSu2PRgaT=-42436
i7MUkXzg4HR8=-25119
CG70yqQo6YZ=12950
8CqTDpXm=-4279
awnC8dTRo=-58166
x46UdmAu2SfKz=28878
tQOb6UBCofF=44307
IeU2RvOVMiYkw=-36714
crxn0IQgk28z=-62828
izxBlvhkeRF=-55017
ScVhny=-5501
JWO7wx8AnLsvQ3j=-12699
Aq6SRbolQhcz59=57730
zAhOvlY=27371
1H7sPRbByZ=-57480
CPJdsowt=8407
81bYAwLJcUyHV=-9751
LbS9igNKvHFhC1=33014
p4atmZUbdxsCA=32769
UKiSRw5MfY=15757
V5E43xOkKd=705
TeQzjsqt=26333
XVBDlY2PTuE=39280
0aJgSx=-52916
zuJFm=-19119
mahLPY=-12064
Uwi87VkYAhTNp=-37095
3hLSjx=2165
eEPMp83Q=-6366
UBHc2rGAa7qjkYT=-50398
FYtCZ2OAupG=-17710
I57MGQsT3VvYNg=46590
rcYjXGOse=-50691
BlrPTR4iCGqA5p=-26153
sHWvNkOtRQfjoBc=38439
f3c7YIaEQFHz=-56910
zwy19V=-1165
ngBxyLtYzN1=-15178
hpqjiBdQrZ8E=25785
kcU5SO7hf=-3165
fC2ywxbdtmX10W=-31471
FLAiuYpE=65359
FGloLg=64519
Aq6SRbolQhcz59=57730
D8qdWc4ZGYA=54435
vknNKPBRY=47499
klVgdHW0r=47174
I57MGQsT3VvYNg=46590
fwnAoN4Ig=44998
tQOb6UBCofF=44307
pYaxK=43758
BfZ6d7O=42186
Qg9m7PU=41544
XVBDlY2PTuE=39280
eMmZw1iJs5CUErg=38600
vMxC9w4hy=36845
TJeQDRb20=34186
LbS9igNKvHFhC1=33014
p4atmZUbdxsCA=32769
BMWa6wP4=31057
x46UdmAu2SfKz=28878
zAhOvlY=27371
TeQzjsqt=26333
35RruwcQCVMxLsN=25160
0a6qz=24368
t8ZU3v6i=24159
D1MzHv=18871
UKiSRw5MfY=15757
CG70yqQo6YZ=12950
MVudPk0Af8G6=11531
94wSWJ=10375
CPJdsowt=8407
uqTVHg1am9FdRw=6845
3hLSjx=2165
V5E43xOkKd=705
5ZfKXW3AGFImB=211
FY5fnxd=207
3OPStwWC4=-1678
8CqTDpXm=-4279
BMVqYfpDSteWr=-4538
ScVhny=-5501
eEPMp83Q=-6366
NVTK7tHMUker0R1=-7523
81bYAwLJcUyHV=-9751
9QlmKBbknqzepW=-10402
daYCu5c7DW2b=-11006
YJQFrK0fwNHXZRq=-11440
mahLPY=-12064
JWO7wx8AnLsvQ3j=-12699
FYtCZ2OAupG=-17710
zuJFm=-19119
rRyZxnLFYqCl=-23370
i7MUkXzg4HR8=-25119
csA46ZyO5IxDbHp=-25791
01gT4WDyc2X=-31631
s1LAxDE=-33213
uSMGF=-34549
IeU2RvOVMiYkw=-36714
L619asTm=-36876
Uwi87VkYAhTNp=-37095
f4vSu2PRgaT=-42436
z2gTu=-46984
0bRKEBFsx9jNzM=-48863
Uw1jOTPqNRd=-49806
UBHc2rGAa7qjkYT=-50398
IQA9fnzk=-52162
0aJgSx=-52916
izxBlvhkeRF=-55017
1H7sPRbByZ=-57480
awnC8dTRo=-58166
F6CW0KkA5Rc=-61567
crxn0IQgk28z=-62828
H59j40=-63184
W4ZCf=-63583
