0
1
2
3
4
5
6
UV2jLybS9koW=0.972537
oIvQipceag8nsA=0.570846
nrGJqjfoWlQ5MV=0.431750
YjxPn=0.864652
7cVB4Pmk=0.631159
BRLxvf9biu=0.984581
7
8
UV2jLybS9koW=0.972537
oIvQipceag8nsA=0.570846
nrGJqjfoWlQ5MV=0.431750
YjxPn=0.864652
7cVB4Pmk=0.631159
BRLxvf9biu=0.984581
2P03E8Inf=0.028504
2P03E8Inf=0.028504
nrGJqjfoWlQ5MV=0.431750
oIvQipceag8nsA=0.570846
7cVB4Pmk=0.631159
YjxPn=0.864652
UV2jLybS9koW=0.972537
BRLxvf9biu=0.984581
9
10
11
12
false
13
14
15
16
UV2jLybS9koW=0.972537
oIvQipceag8nsA=0.570846
nrGJqjfoWlQ5MV=0.431750
YjxPn=0.864652
7cVB4Pmk=0.631159
BRLxvf9biu=0.984581
2P03E8Inf=0.028504
YBg9K1btLqUy=0.421995
m4vqV7a=0.113280
lx3YT07HSGUF=0.384810
vXLCa=0.275531
VUzwXxtIrBl7=0.995125
RC6rcUM8kVA=0.030069
2P03E8Inf=0.028504
RC6rcUM8kVA=0.030069
m4vqV7a=0.113280
vXLCa=0.275531
lx3YT07HSGUF=0.384810
YBg9K1btLqUy=0.421995
nrGJqjfoWlQ5MV=0.431750
oIvQipceag8nsA=0.570846
7cVB4Pmk=0.631159
YjxPn=0.864652
UV2jLybS9koW=0.972537
BRLxvf9biu=0.984581
VUzwXxtIrBl7=0.995125
17
18
19
20
21
22
UV2jLybS9koW=0.972537
oIvQipceag8nsA=0.570846
nrGJqjfoWlQ5MV=0.431750
YjxPn=0.864652
7cVB4Pmk=0.631159
BRLxvf9biu=0.984581
2P03E8Inf=0.028504
YBg9K1btLqUy=0.421995
m4vqV7a=0.113280
lx3YT07HSGUF=0.384810
vXLCa=0.275531
VUzwXxtIrBl7=0.995125
RC6rcUM8kVA=0.030069
2Q0Swo7aPXg4c=0.427767
pj3ZzHxqJRds2T=0.225840
9CsTM=0.571374
RhJrdHkUWoFvp=0.722765
n0QyF=0.013403
2P03E8Inf=0.028504
RC6rcUM8kVA=0.030069
m4vqV7a=0.113280
vXLCa=0.275531
lx3YT07HSGUF=0.384810
YBg9K1btLqUy=0.421995
nrGJqjfoWlQ5MV=0.431750
oIvQipceag8nsA=0.570846
7cVB4Pmk=0.631159
YjxPn=0.864652
UV2jLybS9koW=0.972537
BRLxvf9biu=0.984581
VUzwXxtIrBl7=0.995125
23
24
25
26
27
UV2jLybS9koW=0.972537
oIvQipceag8nsA=0.570846
nrGJqjfoWlQ5MV=0.431750
YjxPn=0.864652
7cVB4Pmk=0.631159
BRLxvf9biu=0.984581
2P03E8Inf=0.028504
YBg9K1btLqUy=0.421995
m4vqV7a=0.113280
lx3YT07HSGUF=0.384810
vXLCa=0.275531
VUzwXxtIrBl7=0.995125
RC6rcUM8kVA=0.030069
2Q0Swo7aPXg4c=0.427767
pj3ZzHxqJRds2T=0.225840
9CsTM=0.571374
RhJrdHkUWoFvp=0.722765
n0QyF=0.013403
iCp3B=0.720728
ByO9TMR4XHCjY=0.120185
RGsjF8cauzBJxZW=0.452904
7q0uWiJ1mX=0.221546
VUzwXxtIrBl7=0.995125
BRLxvf9biu=0.984581
UV2jLybS9koW=0.972537
YjxPn=0.864652
RhJrdHkUWoFvp=0.722765
iCp3B=0.720728
7cVB4Pmk=0.631159
9CsTM=0.571374
oIvQipceag8nsA=0.570846
RGsjF8cauzBJxZW=0.452904
nrGJqjfoWlQ5MV=0.431750
2Q0Swo7aPXg4c=0.427767
YBg9K1btLqUy=0.421995
lx3YT07HSGUF=0.384810
vXLCa=0.275531
pj3ZzHxqJRds2T=0.225840
7q0uWiJ1mX=0.221546
ByO9TMR4XHCjY=0.120185
m4vqV7a=0.113280
RC6rcUM8kVA=0.030069
2P03E8Inf=0.028504
n0QyF=0.013403
28
29
30
31
32
33
34
35
UV2jLybS9koW=0.972537
oIvQipceag8nsA=0.570846
nrGJqjfoWlQ5MV=0.431750
YjxPn=0.864652
7cVB4Pmk=0.631159
BRLxvf9biu=0.984581
2P03E8Inf=0.028504
YBg9K1btLqUy=0.421995
m4vqV7a=0.113280
lx3YT07HSGUF=0.384810
vXLCa=0.275531
VUzwXxtIrBl7=0.995125
RC6rcUM8kVA=0.030069
2Q0Swo7aPXg4c=0.427767
pj3ZzHxqJRds2T=0.225840
9CsTM=0.571374
RhJrdHkUWoFvp=0.722765
n0QyF=0.013403
iCp3B=0.720728
ByO9TMR4XHCjY=0.120185
RGsjF8cauzBJxZW=0.452904
7q0uWiJ1mX=0.221546
oOfs58aDIdz=0.251725
RS7O6vpyWGqe=0.910824
9uDecK3jZswi42=0.420566
3DI58=0.550277
wEH2oZDMCIFdX=0.050745
msqiFTfVh=0.682280
qd32DpLKt=0.721370
n0QyF=0.013403
2P03E8Inf=0.028504
RC6rcUM8kVA=0.030069
wEH2oZDMCIFdX=0.050745
m4vqV7a=0.113280
ByO9TMR4XHCjY=0.120185
7q0uWiJ1mX=0.221546
pj3ZzHxqJRds2T=0.225840
oOfs58aDIdz=0.251725
vXLCa=0.275531
lx3YT07HSGUF=0.384810
9uDecK3jZswi42=0.420566
YBg9K1btLqUy=0.421995
2Q0Swo7aPXg4c=0.427767
nrGJqjfoWlQ5MV=0.431750
RGsjF8cauzBJxZW=0.452904
3DI58=0.550277
oIvQipceag8nsA=0.570846
9CsTM=0.571374
7cVB4Pmk=0.631159
msqiFTfVh=0.682280
iCp3B=0.720728
qd32DpLKt=0.721370
RhJrdHkUWoFvp=0.722765
YjxPn=0.864652
RS7O6vpyWGqe=0.910824
UV2jLybS9koW=0.972537
BRLxvf9biu=0.984581
VUzwXxtIrBl7=0.995125
36
37
38
39
UV2jLybS9koW=0.972537
oIvQipceag8nsA=0.570846
nrGJqjfoWlQ5MV=0.431750
YjxPn=0.864652
7cVB4Pmk=0.631159
BRLxvf9biu=0.984581
2P03E8Inf=0.028504
YBg9K1btLqUy=0.421995
m4vqV7a=0.113280
lx3YT07HSGUF=0.384810
vXLCa=0.275531
VUzwXxtIrBl7=0.995125
RC6rcUM8kVA=0.030069
2Q0Swo7aPXg4c=0.427767
pj3ZzHxqJRds2T=0.225840
9CsTM=0.571374
RhJrdHkUWoFvp=0.722765
n0QyF=0.013403
iCp3B=0.720728
ByO9TMR4XHCjY=0.120185
RGsjF8cauzBJxZW=0.452904
7q0uWiJ1mX=0.221546
oOfs58aDIdz=0.251725
RS7O6vpyWGqe=0.910824
9uDecK3jZswi42=0.420566
3DI58=0.550277
wEH2oZDMCIFdX=0.050745
msqiFTfVh=0.682280
qd32DpLKt=0.721370
Ha6PhscJg1MnoF=0.266217
ZVJxo=0.206349
ozlKkhIbP=0.299267
n0QyF=0.013403
2P03E8Inf=0.028504
RC6rcUM8kVA=0.030069
wEH2oZDMCIFdX=0.050745
m4vqV7a=0.113280
ByO9TMR4XHCjY=0.120185
ZVJxo=0.206349
7q0uWiJ1mX=0.221546
pj3ZzHxqJRds2T=0.225840
oOfs58aDIdz=0.251725
Ha6PhscJg1MnoF=0.266217
vXLCa=0.275531
ozlKkhIbP=0.299267
lx3YT07HSGUF=0.384810
9uDecK3jZswi42=0.420566
YBg9K1btLqUy=0.421995
2Q0Swo7aPXg4c=0.427767
nrGJqjfoWlQ5MV=0.431750
RGsjF8cauzBJxZW=0.452904
3DI58=0.550277
oIvQipceag8nsA=0.570846
9CsTM=0.571374
7cVB4Pmk=0.631159
msqiFTfVh=0.682280
iCp3B=0.720728
qd32DpLKt=0.721370
RhJrdHkUWoFvp=0.722765
YjxPn=0.864652
RS7O6vpyWGqe=0.910824
UV2jLybS9koW=0.972537
BRLxvf9biu=0.984581
VUzwXxtIrBl7=0.995125
40
UV2jLybS9koW=0.972537
oIvQipceag8nsA=0.570846
nrGJqjfoWlQ5MV=0.431750
YjxPn=0.864652
7cVB4Pmk=0.631159
BRLxvf9biu=0.984581
2P03E8Inf=0.028504
YBg9K1btLqUy=0.421995
m4vqV7a=0.113280
lx3YT07HSGUF=0.384810
vXLCa=0.275531
VUzwXxtIrBl7=0.995125
RC6rcUM8kVA=0.030069
2Q0Swo7aPXg4c=0.427767
pj3ZzHxqJRds2T=0.225840
9CsTM=0.571374
RhJrdHkUWoFvp=0.722765
n0QyF=0.013403
iCp3B=0.720728
ByO9TMR4XHCjY=0.120185
RGsjF8cauzBJxZW=0.452904
7q0uWiJ1mX=0.221546
oOfs58aDIdz=0.251725
RS7O6vpyWGqe=0.910824
9uDecK3jZswi42=0.420566
3DI58=0.550277
wEH2oZDMCIFdX=0.050745
msqiFTfVh=0.682280
qd32DpLKt=0.721370
Ha6PhscJg1MnoF=0.266217
ZVJxo=0.206349
ozlKkhIbP=0.299267
n0QyF=0.013403
2P03E8Inf=0.028504
RC6rcUM8kVA=0.030069
wEH2oZDMCIFdX=0.050745
m4vqV7a=0.113280
ByO9TMR4XHCjY=0.120185
ZVJxo=0.206349
7q0uWiJ1mX=0.221546
pj3ZzHxqJRds2T=0.225840
oOfs58aDIdz=0.251725
Ha6PhscJg1MnoF=0.266217
vXLCa=0.275531
ozlKkhIbP=0.299267
lx3YT07HSGUF=0.384810
9uDecK3jZswi42=0.420566
YBg9K1btLqUy=0.421995
2Q0Swo7aPXg4c=0.427767
nrGJqjfoWlQ5MV=0.431750
RGsjF8cauzBJxZW=0.452904
3DI58=0.550277
oIvQipceag8nsA=0.570846
9CsTM=0.571374
7cVB4Pmk=0.631159
msqiFTfVh=0.682280
iCp3B=0.720728
qd32DpLKt=0.721370
RhJrdHkUWoFvp=0.722765
YjxPn=0.864652
RS7O6vpyWGqe=0.910824
UV2jLybS9koW=0.972537
BRLxvf9biu=0.984581
VUzwXxtIrBl7=0.995125
41
42
43
44
45
46
47
48
49
UV2jLybS9koW=0.972537
oIvQipceag8nsA=0.570846
nrGJqjfoWlQ5MV=0.431750
YjxPn=0.864652
7cVB4Pmk=0.631159
BRLxvf9biu=0.984581
2P03E8Inf=0.028504
YBg9K1btLqUy=0.421995
m4vqV7a=0.113280
lx3YT07HSGUF=0.384810
vXLCa=0.275531
VUzwXxtIrBl7=0.995125
RC6rcUM8kVA=0.030069
2Q0Swo7aPXg4c=0.427767
pj3ZzHxqJRds2T=0.225840
9CsTM=0.571374
RhJrdHkUWoFvp=0.722765
n0QyF=0.013403
iCp3B=0.720728
ByO9TMR4XHCjY=0.120185
RGsjF8cauzBJxZW=0.452904
7q0uWiJ1mX=0.221546
oOfs58aDIdz=0.251725
RS7O6vpyWGqe=0.910824
9uDecK3jZswi42=0.420566
3DI58=0.550277
wEH2oZDMCIFdX=0.050745
msqiFTfVh=0.682280
qd32DpLKt=0.721370
Ha6PhscJg1MnoF=0.266217
ZVJxo=0.206349
ozlKkhIbP=0.299267
QJw9P1gIklnCaei=0.536131
fYEN2dDsZWCn=0.909682
R7Efh2=0.646280
3tu9cIP4CKgF7ry=0.402293
ZsQTilxa=0.026443
zwDYx=0.270070
xBV9e1j=0.851703
qaHP7x2NUdi6f=0.006274
n0QyF=0.013403
2P03E8Inf=0.028504
RC6rcUM8kVA=0.030069
wEH2oZDMCIFdX=0.050745
m4vqV7a=0.113280
ByO9TMR4XHCjY=0.120185
ZVJxo=0.206349
7q0uWiJ1mX=0.221546
pj3ZzHxqJRds2T=0.225840
oOfs58aDIdz=0.251725
Ha6PhscJg1MnoF=0.266217
vXLCa=0.275531
ozlKkhIbP=0.299267
lx3YT07HSGUF=0.384810
9uDecK3jZswi42=0.420566
YBg9K1btLqUy=0.421995
2Q0Swo7aPXg4c=0.427767
nrGJqjfoWlQ5MV=0.431750
RGsjF8cauzBJxZW=0.452904
3DI58=0.550277
oIvQipceag8nsA=0.570846
9CsTM=0.571374
7cVB4Pmk=0.631159
msqiFTfVh=0.682280
iCp3B=0.720728
qd32DpLKt=0.721370
RhJrdHkUWoFvp=0.722765
YjxPn=0.864652
RS7O6vpyWGqe=0.910824
UV2jLybS9koW=0.972537
BRLxvf9biu=0.984581
VUzwXxtIrBl7=0.995125
