0
1
EjqhR2yJM=HmA
2
3
4
5
6
7
8
9
EjqhR2yJM=HmA
HQ4lE1siJC=owvM
DjVatRJU7LFw=kqv
KgtX0TGCsjHc=cwTk6
j7Q8qLnUdlGE=7oG2k
jav9cxVS8mT=J0G
z5MjQ3mhPCx=X0quv
Au9DBKMPHIQ1=fuB
j7Q8qLnUdlGE=7oG2k
EjqhR2yJM=HmA
jav9cxVS8mT=J0G
z5MjQ3mhPCx=X0quv
KgtX0TGCsjHc=cwTk6
Au9DBKMPHIQ1=fuB
DjVatRJU7LFw=kqv
HQ4lE1siJC=owvM
10
11
12
13
14
15
16
17
18
EjqhR2yJM=HmA
HQ4lE1siJC=owvM
DjVatRJU7LFw=kqv
KgtX0TGCsjHc=cwTk6
j7Q8qLnUdlGE=7oG2k
jav9cxVS8mT=J0G
z5MjQ3mhPCx=X0quv
Au9DBKMPHIQ1=fuB
vsakfG=lz6sI
HjnF84wsO=wBi
p6wHc=Rmt
TAlr02vBVwM9J=bp5a
aQgJsy=2lv
AvCsh5KL=erN7y
klVjFOuRMWc=m9B
d2vnIfOKG1PuFl=el2
HjnF84wsO=wBi
HQ4lE1siJC=owvM
klVjFOuRMWc=m9B
vsakfG=lz6sI
DjVatRJU7LFw=kqv
Au9DBKMPHIQ1=fuB
AvCsh5KL=erN7y
d2vnIfOKG1PuFl=el2
KgtX0TGCsjHc=cwTk6
TAlr02vBVwM9J=bp5a
z5MjQ3mhPCx=X0quv
p6wHc=Rmt
jav9cxVS8mT=J0G
EjqhR2yJM=HmA
j7Q8qLnUdlGE=7oG2k
aQgJsy=2lv
19
20
21
22
23
EjqhR2yJM=HmA
HQ4lE1siJC=owvM
DjVatRJU7LFw=kqv
KgtX0TGCsjHc=cwTk6
j7Q8qLnUdlGE=7oG2k
jav9cxVS8mT=J0G
z5MjQ3mhPCx=X0quv
Au9DBKMPHIQ1=fuB
vsakfG=lz6sI
HjnF84wsO=wBi
p6wHc=Rmt
TAlr02vBVwM9J=bp5a
aQgJsy=2lv
AvCsh5KL=erN7y
klVjFOuRMWc=m9B
d2vnIfOKG1PuFl=el2
Zbp94KS=v0T
lJrBhxGAVeXIv0H=Hf9
eOPUju=AsYW
8f2GcmAjCFpHeE=nEhe
aQgJsy=2lv
j7Q8qLnUdlGE=7oG2k
eOPUju=AsYW
lJrBhxGAVeXIv0H=Hf9
EjqhR2yJM=HmA
jav9cxVS8mT=J0G
p6wHc=Rmt
z5MjQ3mhPCx=X0quv
TAlr02vBVwM9J=bp5a
KgtX0TGCsjHc=cwTk6
d2vnIfOKG1PuFl=el2
AvCsh5KL=erN7y
Au9DBKMPHIQ1=fuB
DjVatRJU7LFw=kqv
vsakfG=lz6sI
klVjFOuRMWc=m9B
8f2GcmAjCFpHeE=nEhe
HQ4lE1siJC=owvM
Zbp94KS=v0T
HjnF84wsO=wBi
24
25
26
27
28
29
EjqhR2yJM=HmA
HQ4lE1siJC=owvM
DjVatRJU7LFw=kqv
KgtX0TGCsjHc=cwTk6
j7Q8qLnUdlGE=7oG2k
jav9cxVS8mT=J0G
z5MjQ3mhPCx=X0quv
Au9DBKMPHIQ1=fuB
vsakfG=lz6sI
HjnF84wsO=wBi
p6wHc=Rmt
TAlr02vBVwM9J=bp5a
aQgJsy=2lv
AvCsh5KL=erN7y
klVjFOuRMWc=m9B
d2vnIfOKG1PuFl=el2
Zbp94KS=v0T
lJrBhxGAVeXIv0H=Hf9
eOPUju=AsYW
8f2GcmAjCFpHeE=nEhe
EYc61=vY9Q
zcWINxVLhj=BnXg
LMVgZDFpYrmo1z=KY2
w3HUWKc=hodXK
esMJ2Fkgv7Vuj=3Fr
aQgJsy=2lv
j7Q8qLnUdlGE=7oG2k
eOPUju=AsYW
lJrBhxGAVeXIv0H=Hf9
EjqhR2yJM=HmA
jav9cxVS8mT=J0G
p6wHc=Rmt
z5MjQ3mhPCx=X0quv
TAlr02vBVwM9J=bp5a
KgtX0TGCsjHc=cwTk6
d2vnIfOKG1PuFl=el2
AvCsh5KL=erN7y
Au9DBKMPHIQ1=fuB
DjVatRJU7LFw=kqv
vsakfG=lz6sI
klVjFOuRMWc=m9B
8f2GcmAjCFpHeE=nEhe
HQ4lE1siJC=owvM
Zbp94KS=v0T
HjnF84wsO=wBi
30
31
EjqhR2yJM=HmA
HQ4lE1siJC=owvM
DjVatRJU7LFw=kqv
KgtX0TGCsjHc=cwTk6
j7Q8qLnUdlGE=7oG2k
jav9cxVS8mT=J0G
z5MjQ3mhPCx=X0quv
Au9DBKMPHIQ1=fuB
vsakfG=lz6sI
HjnF84wsO=wBi
p6wHc=Rmt
TAlr02vBVwM9J=bp5a
aQgJsy=2lv
AvCsh5KL=erN7y
klVjFOuRMWc=m9B
d2vnIfOKG1PuFl=el2
Zbp94KS=v0T
lJrBhxGAVeXIv0H=Hf9
eOPUju=AsYW
8f2GcmAjCFpHeE=nEhe
EYc61=vY9Q
zcWINxVLhj=BnXg
LMVgZDFpYrmo1z=KY2
w3HUWKc=hodXK
esMJ2Fkgv7Vuj=3Fr
zShPygWr=DK7R
HjnF84wsO=wBi
EYc61=vY9Q
Zbp94KS=v0T
HQ4lE1siJC=owvM
8f2GcmAjCFpHeE=nEhe
klVjFOuRMWc=m9B
vsakfG=lz6sI
DjVatRJU7LFw=kqv
w3HUWKc=hodXK
Au9DBKMPHIQ1=fuB
AvCsh5KL=erN7y
d2vnIfOKG1PuFl=el2
KgtX0TGCsjHc=cwTk6
TAlr02vBVwM9J=bp5a
z5MjQ3mhPCx=X0quv
p6wHc=Rmt
LMVgZDFpYrmo1z=KY2
jav9cxVS8mT=J0G
EjqhR2yJM=HmA
lJrBhxGAVeXIv0H=Hf9
zShPygWr=DK7R
zcWINxVLhj=BnXg
eOPUju=AsYW
j7Q8qLnUdlGE=7oG2k
esMJ2Fkgv7Vuj=3Fr
aQgJsy=2lv
32
33
34
EjqhR2yJM=HmA
HQ4lE1siJC=owvM
DjVatRJU7LFw=kqv
KgtX0TGCsjHc=cwTk6
j7Q8qLnUdlGE=7oG2k
jav9cxVS8mT=J0G
z5MjQ3mhPCx=X0quv
Au9DBKMPHIQ1=fuB
vsakfG=lz6sI
HjnF84wsO=wBi
p6wHc=Rmt
TAlr02vBVwM9J=bp5a
aQgJsy=2lv
AvCsh5KL=erN7y
klVjFOuRMWc=m9B
d2vnIfOKG1PuFl=el2
Zbp94KS=v0T
lJrBhxGAVeXIv0H=Hf9
eOPUju=AsYW
8f2GcmAjCFpHeE=nEhe
EYc61=vY9Q
zcWINxVLhj=BnXg
LMVgZDFpYrmo1z=KY2
w3HUWKc=hodXK
esMJ2Fkgv7Vuj=3Fr
zShPygWr=DK7R
dkF8lSn=bPGMz
fnKYabz=yK78q
fnKYabz=yK78q
HjnF84wsO=wBi
EYc61=vY9Q
Zbp94KS=v0T
HQ4lE1siJC=owvM
8f2GcmAjCFpHeE=nEhe
klVjFOuRMWc=m9B
vsakfG=lz6sI
DjVatRJU7LFw=kqv
w3HUWKc=hodXK
Au9DBKMPHIQ1=fuB
AvCsh5KL=erN7y
d2vnIfOKG1PuFl=el2
KgtX0TGCsjHc=cwTk6
TAlr02vBVwM9J=bp5a
dkF8lSn=bPGMz
z5MjQ3mhPCx=X0quv
p6wHc=Rmt
LMVgZDFpYrmo1z=KY2
jav9cxVS8mT=J0G
EjqhR2yJM=HmA
lJrBhxGAVeXIv0H=Hf9
zShPygWr=DK7R
zcWINxVLhj=BnXg
eOPUju=AsYW
j7Q8qLnUdlGE=7oG2k
esMJ2Fkgv7Vuj=3Fr
aQgJsy=2lv
35
EjqhR2yJM=HmA
HQ4lE1siJC=owvM
DjVatRJU7LFw=kqv
KgtX0TGCsjHc=cwTk6
j7Q8qLnUdlGE=7oG2k
jav9cxVS8mT=J0G
z5MjQ3mhPCx=X0quv
Au9DBKMPHIQ1=fuB
vsakfG=lz6sI
HjnF84wsO=wBi
p6wHc=Rmt
TAlr02vBVwM9J=bp5a
aQgJsy=2lv
AvCsh5KL=erN7y
klVjFOuRMWc=m9B
d2vnIfOKG1PuFl=el2
Zbp94KS=v0T
lJrBhxGAVeXIv0H=Hf9
eOPUju=AsYW
8f2GcmAjCFpHeE=nEhe
EYc61=vY9Q
zcWINxVLhj=BnXg
LMVgZDFpYrmo1z=KY2
w3HUWKc=hodXK
esMJ2Fkgv7Vuj=3Fr
zShPygWr=DK7R
dkF8lSn=bPGMz
fnKYabz=yK78q
fnKYabz=yK78q
HjnF84wsO=wBi
EYc61=vY9Q
Zbp94KS=v0T
HQ4lE1siJC=owvM
8f2GcmAjCFpHeE=nEhe
klVjFOuRMWc=m9B
vsakfG=lz6sI
DjVatRJU7LFw=kqv
w3HUWKc=hodXK
Au9DBKMPHIQ1=fuB
AvCsh5KL=erN7y
d2vnIfOKG1PuFl=el2
KgtX0TGCsjHc=cwTk6
TAlr02vBVwM9J=bp5a
dkF8lSn=bPGMz
z5MjQ3mhPCx=X0quv
p6wHc=Rmt
LMVgZDFpYrmo1z=KY2
jav9cxVS8mT=J0G
EjqhR2yJM=HmA
lJrBhxGAVeXIv0H=Hf9
zShPygWr=DK7R
zcWINxVLhj=BnXg
eOPUju=AsYW
j7Q8qLnUdlGE=7oG2k
esMJ2Fkgv7Vuj=3Fr
aQgJsy=2lv
36
37
38
EjqhR2yJM=HmA
HQ4lE1siJC=owvM
DjVatRJU7LFw=kqv
KgtX0TGCsjHc=cwTk6
j7Q8qLnUdlGE=7oG2k
jav9cxVS8mT=J0G
z5MjQ3mhPCx=X0quv
Au9DBKMPHIQ1=fuB
vsakfG=lz6sI
HjnF84wsO=wBi
p6wHc=Rmt
TAlr02vBVwM9J=bp5a
aQgJsy=2lv
AvCsh5KL=erN7y
klVjFOuRMWc=m9B
d2vnIfOKG1PuFl=el2
Zbp94KS=v0T
lJrBhxGAVeXIv0H=Hf9
eOPUju=AsYW
8f2GcmAjCFpHeE=nEhe
EYc61=vY9Q
zcWINxVLhj=BnXg
LMVgZDFpYrmo1z=KY2
w3HUWKc=hodXK
esMJ2Fkgv7Vuj=3Fr
zShPygWr=DK7R
dkF8lSn=bPGMz
fnKYabz=yK78q
tKJzp=Ib6yh
ytkL3VYzRK4qP=v7dTz
fnKYabz=yK78q
HjnF84wsO=wBi
EYc61=vY9Q
ytkL3VYzRK4qP=v7dTz
Zbp94KS=v0T
HQ4lE1siJC=owvM
8f2GcmAjCFpHeE=nEhe
klVjFOuRMWc=m9B
vsakfG=lz6sI
DjVatRJU7LFw=kqv
w3HUWKc=hodXK
Au9DBKMPHIQ1=fuB
AvCsh5KL=erN7y
d2vnIfOKG1PuFl=el2
KgtX0TGCsjHc=cwTk6
TAlr02vBVwM9J=bp5a
dkF8lSn=bPGMz
z5MjQ3mhPCx=X0quv
p6wHc=Rmt
LMVgZDFpYrmo1z=KY2
jav9cxVS8mT=J0G
tKJzp=Ib6yh
EjqhR2yJM=HmA
lJrBhxGAVeXIv0H=Hf9
zShPygWr=DK7R
zcWINxVLhj=BnXg
eOPUju=AsYW
j7Q8qLnUdlGE=7oG2k
esMJ2Fkgv7Vuj=3Fr
aQgJsy=2lv
39
40
41
EjqhR2yJM=HmA
HQ4lE1siJC=owvM
DjVatRJU7LFw=kqv
KgtX0TGCsjHc=cwTk6
j7Q8qLnUdlGE=7oG2k
jav9cxVS8mT=J0G
z5MjQ3mhPCx=X0quv
Au9DBKMPHIQ1=fuB
vsakfG=lz6sI
HjnF84wsO=wBi
p6wHc=Rmt
TAlr02vBVwM9J=bp5a
aQgJsy=2lv
AvCsh5KL=erN7y
klVjFOuRMWc=m9B
d2vnIfOKG1PuFl=el2
Zbp94KS=v0T
lJrBhxGAVeXIv0H=Hf9
eOPUju=AsYW
8f2GcmAjCFpHeE=nEhe
EYc61=vY9Q
zcWINxVLhj=BnXg
LMVgZDFpYrmo1z=KY2
w3HUWKc=hodXK
esMJ2Fkgv7Vuj=3Fr
zShPygWr=DK7R
dkF8lSn=bPGMz
fnKYabz=yK78q
tKJzp=Ib6yh
ytkL3VYzRK4qP=v7dTz
jUOyG5Lf84x=xc6zS
ofleFWOcZIts=hw7q
aQgJsy=2lv
esMJ2Fkgv7Vuj=3Fr
j7Q8qLnUdlGE=7oG2k
eOPUju=AsYW
zcWINxVLhj=BnXg
zShPygWr=DK7R
lJrBhxGAVeXIv0H=Hf9
EjqhR2yJM=HmA
tKJzp=Ib6yh
jav9cxVS8mT=J0G
LMVgZDFpYrmo1z=KY2
p6wHc=Rmt
z5MjQ3mhPCx=X0quv
dkF8lSn=bPGMz
TAlr02vBVwM9J=bp5a
KgtX0TGCsjHc=cwTk6
d2vnIfOKG1PuFl=el2
AvCsh5KL=erN7y
Au9DBKMPHIQ1=fuB
w3HUWKc=hodXK
ofleFWOcZIts=hw7q
DjVatRJU7LFw=kqv
vsakfG=lz6sI
klVjFOuRMWc=m9B
8f2GcmAjCFpHeE=nEhe
HQ4lE1siJC=owvM
Zbp94KS=v0T
ytkL3VYzRK4qP=v7dTz
EYc61=vY9Q
HjnF84wsO=wBi
jUOyG5Lf84x=xc6zS
fnKYabz=yK78q
42
43
44
45
46
47
48
EjqhR2yJM=HmA
HQ4lE1siJC=owvM
DjVatRJU7LFw=kqv
KgtX0TGCsjHc=cwTk6
j7Q8qLnUdlGE=7oG2k
jav9cxVS8mT=J0G
z5MjQ3mhPCx=X0quv
Au9DBKMPHIQ1=fuB
vsakfG=lz6sI
HjnF84wsO=wBi
p6wHc=Rmt
TAlr02vBVwM9J=bp5a
aQgJsy=2lv
AvCsh5KL=erN7y
klVjFOuRMWc=m9B
d2vnIfOKG1PuFl=el2
Zbp94KS=v0T
lJrBhxGAVeXIv0H=Hf9
eOPUju=AsYW
8f2GcmAjCFpHeE=nEhe
EYc61=vY9Q
zcWINxVLhj=BnXg
LMVgZDFpYrmo1z=KY2
w3HUWKc=hodXK
esMJ2Fkgv7Vuj=3Fr
zShPygWr=DK7R
dkF8lSn=bPGMz
fnKYabz=yK78q
tKJzp=Ib6yh
ytkL3VYzRK4qP=v7dTz
jUOyG5Lf84x=xc6zS
ofleFWOcZIts=hw7q
C4qvRw9XZTVs63J=Ztpxi
bRsx516V=4BQ
EliQgH02=T13v
HIjQdz0=ksmU
ZE8H4ed0l7pguAy=TbQ
JPqEX9NwGDC=XNkWu
aQgJsy=2lv
esMJ2Fkgv7Vuj=3Fr
j7Q8qLnUdlGE=7oG2k
eOPUju=AsYW
zcWINxVLhj=BnXg
zShPygWr=DK7R
lJrBhxGAVeXIv0H=Hf9
EjqhR2yJM=HmA
tKJzp=Ib6yh
jav9cxVS8mT=J0G
LMVgZDFpYrmo1z=KY2
p6wHc=Rmt
z5MjQ3mhPCx=X0quv
dkF8lSn=bPGMz
TAlr02vBVwM9J=bp5a
KgtX0TGCsjHc=cwTk6
d2vnIfOKG1PuFl=el2
AvCsh5KL=erN7y
Au9DBKMPHIQ1=fuB
w3HUWKc=hodXK
ofleFWOcZIts=hw7q
DjVatRJU7LFw=kqv
vsakfG=lz6sI
klVjFOuRMWc=m9B
8f2GcmAjCFpHeE=nEhe
HQ4lE1siJC=owvM
Zbp94KS=v0T
ytkL3VYzRK4qP=v7dTz
EYc61=vY9Q
HjnF84wsO=wBi
jUOyG5Lf84x=xc6zS
fnKYabz=yK78q
49
EjqhR2yJM=HmA
HQ4lE1siJC=owvM
DjVatRJU7LFw=kqv
KgtX0TGCsjHc=cwTk6
j7Q8qLnUdlGE=7oG2k
jav9cxVS8mT=J0G
z5MjQ3mhPCx=X0quv
Au9DBKMPHIQ1=fuB
vsakfG=lz6sI
HjnF84wsO=wBi
p6wHc=Rmt
TAlr02vBVwM9J=bp5a
aQgJsy=2lv
AvCsh5KL=erN7y
klVjFOuRMWc=m9B
d2vnIfOKG1PuFl=el2
Zbp94KS=v0T
lJrBhxGAVeXIv0H=Hf9
eOPUju=AsYW
8f2GcmAjCFpHeE=nEhe
EYc61=vY9Q
zcWINxVLhj=BnXg
LMVgZDFpYrmo1z=KY2
w3HUWKc=hodXK
esMJ2Fkgv7Vuj=3Fr
zShPygWr=DK7R
dkF8lSn=bPGMz
fnKYabz=yK78q
tKJzp=Ib6yh
ytkL3VYzRK4qP=v7dTz
jUOyG5Lf84x=xc6zS
ofleFWOcZIts=hw7q
C4qvRw9XZTVs63J=Ztpxi
bRsx516V=4BQ
EliQgH02=T13v
HIjQdz0=ksmU
ZE8H4ed0l7pguAy=TbQ
JPqEX9NwGDC=XNkWu
fnKYabz=yK78q
jUOyG5Lf84x=xc6zS
HjnF84wsO=wBi
EYc61=vY9Q
ytkL3VYzRK4qP=v7dTz
Zbp94KS=v0T
HQ4lE1siJC=owvM
8f2GcmAjCFpHeE=nEhe
klVjFOuRMWc=m9B
vsakfG=lz6sI
HIjQdz0=ksmU
DjVatRJU7LFw=kqv
ofleFWOcZIts=hw7q
w3HUWKc=hodXK
Au9DBKMPHIQ1=fuB
AvCsh5KL=erN7y
d2vnIfOKG1PuFl=el2
KgtX0TGCsjHc=cwTk6
TAlr02vBVwM9J=bp5a
dkF8lSn=bPGMz
C4qvRw9XZTVs63J=Ztpxi
JPqEX9NwGDC=XNkWu
z5MjQ3mhPCx=X0quv
ZE8H4ed0l7pguAy=TbQ
EliQgH02=T13v
p6wHc=Rmt
LMVgZDFpYrmo1z=KY2
jav9cxVS8mT=J0G
tKJzp=Ib6yh
EjqhR2yJM=HmA
lJrBhxGAVeXIv0H=Hf9
zShPygWr=DK7R
zcWINxVLhj=BnXg
eOPUju=AsYW
j7Q8qLnUdlGE=7oG2k
bRsx516V=4BQ
esMJ2Fkgv7Vuj=3Fr
aQgJsy=2lv
50
51
52
53
EjqhR2yJM=HmA
HQ4lE1siJC=owvM
DjVatRJU7LFw=kqv
KgtX0TGCsjHc=cwTk6
j7Q8qLnUdlGE=7oG2k
jav9cxVS8mT=J0G
z5MjQ3mhPCx=X0quv
Au9DBKMPHIQ1=fuB
vsakfG=lz6sI
HjnF84wsO=wBi
p6wHc=Rmt
TAlr02vBVwM9J=bp5a
aQgJsy=2lv
AvCsh5KL=erN7y
klVjFOuRMWc=m9B
d2vnIfOKG1PuFl=el2
Zbp94KS=v0T
lJrBhxGAVeXIv0H=Hf9
eOPUju=AsYW
8f2GcmAjCFpHeE=nEhe
EYc61=vY9Q
zcWINxVLhj=BnXg
LMVgZDFpYrmo1z=KY2
w3HUWKc=hodXK
esMJ2Fkgv7Vuj=3Fr
zShPygWr=DK7R
dkF8lSn=bPGMz
fnKYabz=yK78q
tKJzp=Ib6yh
ytkL3VYzRK4qP=v7dTz
jUOyG5Lf84x=xc6zS
ofleFWOcZIts=hw7q
C4qvRw9XZTVs63J=Ztpxi
bRsx516V=4BQ
EliQgH02=T13v
HIjQdz0=ksmU
ZE8H4ed0l7pguAy=TbQ
JPqEX9NwGDC=XNkWu
0D2Sp=PhL
USPfNYxd=DrQ
pBzEX0mnSo=KS7a
fnKYabz=yK78q
jUOyG5Lf84x=xc6zS
HjnF84wsO=wBi
EYc61=vY9Q
ytkL3VYzRK4qP=v7dTz
Zbp94KS=v0T
HQ4lE1siJC=owvM
8f2GcmAjCFpHeE=nEhe
klVjFOuRMWc=m9B
vsakfG=lz6sI
HIjQdz0=ksmU
DjVatRJU7LFw=kqv
ofleFWOcZIts=hw7q
w3HUWKc=hodXK
Au9DBKMPHIQ1=fuB
AvCsh5KL=erN7y
d2vnIfOKG1PuFl=el2
KgtX0TGCsjHc=cwTk6
TAlr02vBVwM9J=bp5a
dkF8lSn=bPGMz
C4qvRw9XZTVs63J=Ztpxi
JPqEX9NwGDC=XNkWu
z5MjQ3mhPCx=X0quv
ZE8H4ed0l7pguAy=TbQ
EliQgH02=T13v
p6wHc=Rmt
0D2Sp=PhL
LMVgZDFpYrmo1z=KY2
pBzEX0mnSo=KS7a
jav9cxVS8mT=J0G
tKJzp=Ib6yh
EjqhR2yJM=HmA
lJrBhxGAVeXIv0H=Hf9
USPfNYxd=DrQ
zShPygWr=DK7R
zcWINxVLhj=BnXg
eOPUju=AsYW
j7Q8qLnUdlGE=7oG2k
bRsx516V=4BQ
esMJ2Fkgv7Vuj=3Fr
aQgJsy=2lv
54
55
56
57
EjqhR2yJM=HmA
HQ4lE1siJC=owvM
DjVatRJU7LFw=kqv
KgtX0TGCsjHc=cwTk6
j7Q8qLnUdlGE=7oG2k
jav9cxVS8mT=J0G
z5MjQ3mhPCx=X0quv
Au9DBKMPHIQ1=fuB
vsakfG=lz6sI
HjnF84wsO=wBi
p6wHc=Rmt
TAlr02vBVwM9J=bp5a
aQgJsy=2lv
AvCsh5KL=erN7y
klVjFOuRMWc=m9B
d2vnIfOKG1PuFl=el2
Zbp94KS=v0T
lJrBhxGAVeXIv0H=Hf9
eOPUju=AsYW
8f2GcmAjCFpHeE=nEhe
EYc61=vY9Q
zcWINxVLhj=BnXg
LMVgZDFpYrmo1z=KY2
w3HUWKc=hodXK
esMJ2Fkgv7Vuj=3Fr
zShPygWr=DK7R
dkF8lSn=bPGMz
fnKYabz=yK78q
tKJzp=Ib6yh
ytkL3VYzRK4qP=v7dTz
jUOyG5Lf84x=xc6zS
ofleFWOcZIts=hw7q
C4qvRw9XZTVs63J=Ztpxi
bRsx516V=4BQ
EliQgH02=T13v
HIjQdz0=ksmU
ZE8H4ed0l7pguAy=TbQ
JPqEX9NwGDC=XNkWu
0D2Sp=PhL
USPfNYxd=DrQ
pBzEX0mnSo=KS7a
rEcMbp2Izd4B=jVK9
kLDlU05Xe62uZS=rewP
zRiCK=JWms
aQgJsy=2lv
esMJ2Fkgv7Vuj=3Fr
bRsx516V=4BQ
j7Q8qLnUdlGE=7oG2k
eOPUju=AsYW
zcWINxVLhj=BnXg
zShPygWr=DK7R
USPfNYxd=DrQ
lJrBhxGAVeXIv0H=Hf9
EjqhR2yJM=HmA
tKJzp=Ib6yh
jav9cxVS8mT=J0G
zRiCK=JWms
pBzEX0mnSo=KS7a
LMVgZDFpYrmo1z=KY2
0D2Sp=PhL
p6wHc=Rmt
EliQgH02=T13v
ZE8H4ed0l7pguAy=TbQ
z5MjQ3mhPCx=X0quv
JPqEX9NwGDC=XNkWu
C4qvRw9XZTVs63J=Ztpxi
dkF8lSn=bPGMz
TAlr02vBVwM9J=bp5a
KgtX0TGCsjHc=cwTk6
d2vnIfOKG1PuFl=el2
AvCsh5KL=erN7y
Au9DBKMPHIQ1=fuB
w3HUWKc=hodXK
ofleFWOcZIts=hw7q
rEcMbp2Izd4B=jVK9
DjVatRJU7LFw=kqv
HIjQdz0=ksmU
vsakfG=lz6sI
klVjFOuRMWc=m9B
8f2GcmAjCFpHeE=nEhe
HQ4lE1siJC=owvM
kLDlU05Xe62uZS=rewP
Zbp94KS=v0T
ytkL3VYzRK4qP=v7dTz
EYc61=vY9Q
HjnF84wsO=wBi
jUOyG5Lf84x=xc6zS
fnKYabz=yK78q
58
59
EjqhR2yJM=HmA
HQ4lE1siJC=owvM
DjVatRJU7LFw=kqv
KgtX0TGCsjHc=cwTk6
j7Q8qLnUdlGE=7oG2k
jav9cxVS8mT=J0G
z5MjQ3mhPCx=X0quv
Au9DBKMPHIQ1=fuB
vsakfG=lz6sI
HjnF84wsO=wBi
p6wHc=Rmt
TAlr02vBVwM9J=bp5a
aQgJsy=2lv
AvCsh5KL=erN7y
klVjFOuRMWc=m9B
d2vnIfOKG1PuFl=el2
Zbp94KS=v0T
lJrBhxGAVeXIv0H=Hf9
eOPUju=AsYW
8f2GcmAjCFpHeE=nEhe
EYc61=vY9Q
zcWINxVLhj=BnXg
LMVgZDFpYrmo1z=KY2
w3HUWKc=hodXK
esMJ2Fkgv7Vuj=3Fr
zShPygWr=DK7R
dkF8lSn=bPGMz
fnKYabz=yK78q
tKJzp=Ib6yh
ytkL3VYzRK4qP=v7dTz
jUOyG5Lf84x=xc6zS
ofleFWOcZIts=hw7q
C4qvRw9XZTVs63J=Ztpxi
bRsx516V=4BQ
EliQgH02=T13v
HIjQdz0=ksmU
ZE8H4ed0l7pguAy=TbQ
JPqEX9NwGDC=XNkWu
0D2Sp=PhL
USPfNYxd=DrQ
pBzEX0mnSo=KS7a
rEcMbp2Izd4B=jVK9
kLDlU05Xe62uZS=rewP
zRiCK=JWms
4LswjMHWP7Z1n0e=BSC
aQgJsy=2lv
esMJ2Fkgv7Vuj=3Fr
bRsx516V=4BQ
j7Q8qLnUdlGE=7oG2k
eOPUju=AsYW
4LswjMHWP7Z1n0e=BSC
zcWINxVLhj=BnXg
zShPygWr=DK7R
USPfNYxd=DrQ
lJrBhxGAVeXIv0H=Hf9
EjqhR2yJM=HmA
tKJzp=Ib6yh
jav9cxVS8mT=J0G
zRiCK=JWms
pBzEX0mnSo=KS7a
LMVgZDFpYrmo1z=KY2
0D2Sp=PhL
p6wHc=Rmt
EliQgH02=T13v
ZE8H4ed0l7pguAy=TbQ
z5MjQ3mhPCx=X0quv
JPqEX9NwGDC=XNkWu
C4qvRw9XZTVs63J=Ztpxi
dkF8lSn=bPGMz
TAlr02vBVwM9J=bp5a
KgtX0TGCsjHc=cwTk6
d2vnIfOKG1PuFl=el2
AvCsh5KL=erN7y
Au9DBKMPHIQ1=fuB
w3HUWKc=hodXK
ofleFWOcZIts=hw7q
rEcMbp2Izd4B=jVK9
DjVatRJU7LFw=kqv
HIjQdz0=ksmU
vsakfG=lz6sI
klVjFOuRMWc=m9B
8f2GcmAjCFpHeE=nEhe
HQ4lE1siJC=owvM
kLDlU05Xe62uZS=rewP
Zbp94KS=v0T
ytkL3VYzRK4qP=v7dTz
EYc61=vY9Q
HjnF84wsO=wBi
jUOyG5Lf84x=xc6zS
fnKYabz=yK78q
60
61
62
EjqhR2yJM=HmA
HQ4lE1siJC=owvM
DjVatRJU7LFw=kqv
KgtX0TGCsjHc=cwTk6
j7Q8qLnUdlGE=7oG2k
jav9cxVS8mT=J0G
z5MjQ3mhPCx=X0quv
Au9DBKMPHIQ1=fuB
vsakfG=lz6sI
HjnF84wsO=wBi
p6wHc=Rmt
TAlr02vBVwM9J=bp5a
aQgJsy=2lv
AvCsh5KL=erN7y
klVjFOuRMWc=m9B
d2vnIfOKG1PuFl=el2
Zbp94KS=v0T
lJrBhxGAVeXIv0H=Hf9
eOPUju=AsYW
8f2GcmAjCFpHeE=nEhe
EYc61=vY9Q
zcWINxVLhj=BnXg
LMVgZDFpYrmo1z=KY2
w3HUWKc=hodXK
esMJ2Fkgv7Vuj=3Fr
zShPygWr=DK7R
dkF8lSn=bPGMz
fnKYabz=yK78q
tKJzp=Ib6yh
ytkL3VYzRK4qP=v7dTz
jUOyG5Lf84x=xc6zS
ofleFWOcZIts=hw7q
C4qvRw9XZTVs63J=Ztpxi
bRsx516V=4BQ
EliQgH02=T13v
HIjQdz0=ksmU
ZE8H4ed0l7pguAy=TbQ
JPqEX9NwGDC=XNkWu
0D2Sp=PhL
USPfNYxd=DrQ
pBzEX0mnSo=KS7a
rEcMbp2Izd4B=jVK9
kLDlU05Xe62uZS=rewP
zRiCK=JWms
4LswjMHWP7Z1n0e=BSC
qOBlNFwdfzU=wUhA
k35MvANpLK=XJ0YA
aQgJsy=2lv
esMJ2Fkgv7Vuj=3Fr
bRsx516V=4BQ
j7Q8qLnUdlGE=7oG2k
eOPUju=AsYW
4LswjMHWP7Z1n0e=BSC
zcWINxVLhj=BnXg
zShPygWr=DK7R
USPfNYxd=DrQ
lJrBhxGAVeXIv0H=Hf9
EjqhR2yJM=HmA
tKJzp=Ib6yh
jav9cxVS8mT=J0G
zRiCK=JWms
pBzEX0mnSo=KS7a
LMVgZDFpYrmo1z=KY2
0D2Sp=PhL
p6wHc=Rmt
EliQgH02=T13v
ZE8H4ed0l7pguAy=TbQ
z5MjQ3mhPCx=X0quv
JPqEX9NwGDC=XNkWu
C4qvRw9XZTVs63J=Ztpxi
dkF8lSn=bPGMz
TAlr02vBVwM9J=bp5a
KgtX0TGCsjHc=cwTk6
d2vnIfOKG1PuFl=el2
AvCsh5KL=erN7y
Au9DBKMPHIQ1=fuB
w3HUWKc=hodXK
ofleFWOcZIts=hw7q
rEcMbp2Izd4B=jVK9
DjVatRJU7LFw=kqv
HIjQdz0=ksmU
vsakfG=lz6sI
klVjFOuRMWc=m9B
8f2GcmAjCFpHeE=nEhe
HQ4lE1siJC=owvM
kLDlU05Xe62uZS=rewP
Zbp94KS=v0T
ytkL3VYzRK4qP=v7dTz
EYc61=vY9Q
HjnF84wsO=wBi
jUOyG5Lf84x=xc6zS
fnKYabz=yK78q
63
false
64
65
66
67
68
69
70
EjqhR2yJM=HmA
HQ4lE1siJC=owvM
DjVatRJU7LFw=kqv
KgtX0TGCsjHc=cwTk6
j7Q8qLnUdlGE=7oG2k
jav9cxVS8mT=J0G
z5MjQ3mhPCx=X0quv
Au9DBKMPHIQ1=fuB
vsakfG=lz6sI
HjnF84wsO=wBi
p6wHc=Rmt
TAlr02vBVwM9J=bp5a
aQgJsy=2lv
AvCsh5KL=erN7y
klVjFOuRMWc=m9B
d2vnIfOKG1PuFl=el2
Zbp94KS=v0T
lJrBhxGAVeXIv0H=Hf9
eOPUju=AsYW
8f2GcmAjCFpHeE=nEhe
EYc61=vY9Q
zcWINxVLhj=BnXg
LMVgZDFpYrmo1z=KY2
w3HUWKc=hodXK
esMJ2Fkgv7Vuj=3Fr
zShPygWr=DK7R
dkF8lSn=bPGMz
fnKYabz=yK78q
tKJzp=Ib6yh
ytkL3VYzRK4qP=v7dTz
jUOyG5Lf84x=xc6zS
ofleFWOcZIts=hw7q
C4qvRw9XZTVs63J=Ztpxi
bRsx516V=4BQ
EliQgH02=T13v
HIjQdz0=ksmU
ZE8H4ed0l7pguAy=TbQ
JPqEX9NwGDC=XNkWu
0D2Sp=PhL
USPfNYxd=DrQ
pBzEX0mnSo=KS7a
rEcMbp2Izd4B=jVK9
kLDlU05Xe62uZS=rewP
zRiCK=JWms
4LswjMHWP7Z1n0e=BSC
qOBlNFwdfzU=wUhA
k35MvANpLK=XJ0YA
YuOGlPwqoiUrD4F=fj0RV
FdvYrNgTQoH=OIVU
7qS89HP5=51H
MaXV7=rJRe
9CAPGUbTD=2zX9
70BSrYy=l9T
aQgJsy=2lv
esMJ2Fkgv7Vuj=3Fr
bRsx516V=4BQ
j7Q8qLnUdlGE=7oG2k
eOPUju=AsYW
4LswjMHWP7Z1n0e=BSC
zcWINxVLhj=BnXg
zShPygWr=DK7R
USPfNYxd=DrQ
lJrBhxGAVeXIv0H=Hf9
EjqhR2yJM=HmA
tKJzp=Ib6yh
jav9cxVS8mT=J0G
zRiCK=JWms
pBzEX0mnSo=KS7a
LMVgZDFpYrmo1z=KY2
0D2Sp=PhL
p6wHc=Rmt
EliQgH02=T13v
ZE8H4ed0l7pguAy=TbQ
z5MjQ3mhPCx=X0quv
JPqEX9NwGDC=XNkWu
C4qvRw9XZTVs63J=Ztpxi
dkF8lSn=bPGMz
TAlr02vBVwM9J=bp5a
KgtX0TGCsjHc=cwTk6
d2vnIfOKG1PuFl=el2
AvCsh5KL=erN7y
Au9DBKMPHIQ1=fuB
w3HUWKc=hodXK
ofleFWOcZIts=hw7q
rEcMbp2Izd4B=jVK9
DjVatRJU7LFw=kqv
HIjQdz0=ksmU
vsakfG=lz6sI
klVjFOuRMWc=m9B
8f2GcmAjCFpHeE=nEhe
HQ4lE1siJC=owvM
kLDlU05Xe62uZS=rewP
Zbp94KS=v0T
ytkL3VYzRK4qP=v7dTz
EYc61=vY9Q
HjnF84wsO=wBi
jUOyG5Lf84x=xc6zS
fnKYabz=yK78q
71
72
false
73
74
75
76
77
78
79
80
81
82
83
84
85
false
86
87
false
88
89
90
91
92
93
94
95
EjqhR2yJM=HmA
HQ4lE1siJC=owvM
DjVatRJU7LFw=kqv
KgtX0TGCsjHc=cwTk6
j7Q8qLnUdlGE=7oG2k
jav9cxVS8mT=J0G
z5MjQ3mhPCx=X0quv
Au9DBKMPHIQ1=fuB
vsakfG=lz6sI
HjnF84wsO=wBi
p6wHc=Rmt
TAlr02vBVwM9J=bp5a
aQgJsy=2lv
AvCsh5KL=erN7y
klVjFOuRMWc=m9B
d2vnIfOKG1PuFl=el2
Zbp94KS=v0T
lJrBhxGAVeXIv0H=Hf9
eOPUju=AsYW
8f2GcmAjCFpHeE=nEhe
EYc61=vY9Q
zcWINxVLhj=BnXg
LMVgZDFpYrmo1z=KY2
w3HUWKc=hodXK
esMJ2Fkgv7Vuj=3Fr
zShPygWr=DK7R
dkF8lSn=bPGMz
fnKYabz=yK78q
tKJzp=Ib6yh
ytkL3VYzRK4qP=v7dTz
jUOyG5Lf84x=xc6zS
ofleFWOcZIts=hw7q
C4qvRw9XZTVs63J=Ztpxi
bRsx516V=4BQ
EliQgH02=T13v
HIjQdz0=ksmU
ZE8H4ed0l7pguAy=TbQ
JPqEX9NwGDC=XNkWu
0D2Sp=PhL
USPfNYxd=DrQ
pBzEX0mnSo=KS7a
rEcMbp2Izd4B=jVK9
kLDlU05Xe62uZS=rewP
zRiCK=JWms
4LswjMHWP7Z1n0e=BSC
qOBlNFwdfzU=wUhA
k35MvANpLK=XJ0YA
YuOGlPwqoiUrD4F=fj0RV
FdvYrNgTQoH=OIVU
7qS89HP5=51H
MaXV7=rJRe
9CAPGUbTD=2zX9
70BSrYy=l9T
teKEGRUTr70ci=4VEvF
OoxXhApQg7=kHoum
o4XljWkRctKL=30V
02yvdZjIq9fxg=zTPDJ
vkSuxzcsIi8=I0hoa
vfukb=6EC
6oIWRN=RGao4
Y0lIgiyW=oEH
hMvEbZrlXJ=ZWM
TqrpBLsW9=aqR
xMFbgS9qZEeLUG=NIq
fBTPqXpcJLwu2E=4lCFD
hyBm8l4WcId0Ej=GvMU
U7rz6=IMJvO
evaSJ=vOY
Hb87ZhmzQAPD=Msm3U
6HVqskwT1UA=P7Tqu
niNTyGmjQ2=4a1Q
6gbs8W1=R5cS9
nrMS4vq=PcoQ
y23QOvJZGPL=GFYB
aQgJsy=2lv
9CAPGUbTD=2zX9
o4XljWkRctKL=30V
esMJ2Fkgv7Vuj=3Fr
bRsx516V=4BQ
teKEGRUTr70ci=4VEvF
niNTyGmjQ2=4a1Q
fBTPqXpcJLwu2E=4lCFD
7qS89HP5=51H
vfukb=6EC
j7Q8qLnUdlGE=7oG2k
eOPUju=AsYW
4LswjMHWP7Z1n0e=BSC
zcWINxVLhj=BnXg
zShPygWr=DK7R
USPfNYxd=DrQ
y23QOvJZGPL=GFYB
hyBm8l4WcId0Ej=GvMU
lJrBhxGAVeXIv0H=Hf9
EjqhR2yJM=HmA
vkSuxzcsIi8=I0hoa
U7rz6=IMJvO
tKJzp=Ib6yh
jav9cxVS8mT=J0G
zRiCK=JWms
pBzEX0mnSo=KS7a
LMVgZDFpYrmo1z=KY2
Hb87ZhmzQAPD=Msm3U
xMFbgS9qZEeLUG=NIq
FdvYrNgTQoH=OIVU
6HVqskwT1UA=P7Tqu
nrMS4vq=PcoQ
0D2Sp=PhL
6gbs8W1=R5cS9
6oIWRN=RGao4
p6wHc=Rmt
EliQgH02=T13v
ZE8H4ed0l7pguAy=TbQ
z5MjQ3mhPCx=X0quv
k35MvANpLK=XJ0YA
JPqEX9NwGDC=XNkWu
hMvEbZrlXJ=ZWM
C4qvRw9XZTVs63J=Ztpxi
TqrpBLsW9=aqR
dkF8lSn=bPGMz
TAlr02vBVwM9J=bp5a
KgtX0TGCsjHc=cwTk6
d2vnIfOKG1PuFl=el2
AvCsh5KL=erN7y
YuOGlPwqoiUrD4F=fj0RV
Au9DBKMPHIQ1=fuB
w3HUWKc=hodXK
ofleFWOcZIts=hw7q
rEcMbp2Izd4B=jVK9
OoxXhApQg7=kHoum
DjVatRJU7LFw=kqv
HIjQdz0=ksmU
70BSrYy=l9T
vsakfG=lz6sI
klVjFOuRMWc=m9B
8f2GcmAjCFpHeE=nEhe
Y0lIgiyW=oEH
HQ4lE1siJC=owvM
MaXV7=rJRe
kLDlU05Xe62uZS=rewP
Zbp94KS=v0T
ytkL3VYzRK4qP=v7dTz
evaSJ=vOY
EYc61=vY9Q
HjnF84wsO=wBi
qOBlNFwdfzU=wUhA
jUOyG5Lf84x=xc6zS
fnKYabz=yK78q
02yvdZjIq9fxg=zTPDJ
96
97
98
99
EjqhR2yJM=HmA
HQ4lE1siJC=owvM
DjVatRJU7LFw=kqv
KgtX0TGCsjHc=cwTk6
j7Q8qLnUdlGE=7oG2k
jav9cxVS8mT=J0G
z5MjQ3mhPCx=X0quv
Au9DBKMPHIQ1=fuB
vsakfG=lz6sI
HjnF84wsO=wBi
p6wHc=Rmt
TAlr02vBVwM9J=bp5a
aQgJsy=2lv
AvCsh5KL=erN7y
klVjFOuRMWc=m9B
d2vnIfOKG1PuFl=el2
Zbp94KS=v0T
lJrBhxGAVeXIv0H=Hf9
eOPUju=AsYW
8f2GcmAjCFpHeE=nEhe
EYc61=vY9Q
zcWINxVLhj=BnXg
LMVgZDFpYrmo1z=KY2
w3HUWKc=hodXK
esMJ2Fkgv7Vuj=3Fr
zShPygWr=DK7R
dkF8lSn=bPGMz
fnKYabz=yK78q
tKJzp=Ib6yh
ytkL3VYzRK4qP=v7dTz
jUOyG5Lf84x=xc6zS
ofleFWOcZIts=hw7q
C4qvRw9XZTVs63J=Ztpxi
bRsx516V=4BQ
EliQgH02=T13v
HIjQdz0=ksmU
ZE8H4ed0l7pguAy=TbQ
JPqEX9NwGDC=XNkWu
0D2Sp=PhL
USPfNYxd=DrQ
pBzEX0mnSo=KS7a
rEcMbp2Izd4B=jVK9
kLDlU05Xe62uZS=rewP
zRiCK=JWms
4LswjMHWP7Z1n0e=BSC
qOBlNFwdfzU=wUhA
k35MvANpLK=XJ0YA
YuOGlPwqoiUrD4F=fj0RV
FdvYrNgTQoH=OIVU
7qS89HP5=51H
MaXV7=rJRe
9CAPGUbTD=2zX9
70BSrYy=l9T
teKEGRUTr70ci=4VEvF
OoxXhApQg7=kHoum
o4XljWkRctKL=30V
02yvdZjIq9fxg=zTPDJ
vkSuxzcsIi8=I0hoa
vfukb=6EC
6oIWRN=RGao4
Y0lIgiyW=oEH
hMvEbZrlXJ=ZWM
TqrpBLsW9=aqR
xMFbgS9qZEeLUG=NIq
fBTPqXpcJLwu2E=4lCFD
hyBm8l4WcId0Ej=GvMU
U7rz6=IMJvO
evaSJ=vOY
Hb87ZhmzQAPD=Msm3U
6HVqskwT1UA=P7Tqu
niNTyGmjQ2=4a1Q
6gbs8W1=R5cS9
nrMS4vq=PcoQ
y23QOvJZGPL=GFYB
qhDnx1P=JSsA
nvDOEcd=NjSR
CDEeiT2s8n=PeHC8
aQgJsy=2lv
9CAPGUbTD=2zX9
o4XljWkRctKL=30V
esMJ2Fkgv7Vuj=3Fr
bRsx516V=4BQ
teKEGRUTr70ci=4VEvF
niNTyGmjQ2=4a1Q
fBTPqXpcJLwu2E=4lCFD
7qS89HP5=51H
vfukb=6EC
j7Q8qLnUdlGE=7oG2k
eOPUju=AsYW
4LswjMHWP7Z1n0e=BSC
zcWINxVLhj=BnXg
zShPygWr=DK7R
USPfNYxd=DrQ
y23QOvJZGPL=GFYB
hyBm8l4WcId0Ej=GvMU
lJrBhxGAVeXIv0H=Hf9
EjqhR2yJM=HmA
vkSuxzcsIi8=I0hoa
U7rz6=IMJvO
tKJzp=Ib6yh
jav9cxVS8mT=J0G
zRiCK=JWms
pBzEX0mnSo=KS7a
LMVgZDFpYrmo1z=KY2
Hb87ZhmzQAPD=Msm3U
xMFbgS9qZEeLUG=NIq
FdvYrNgTQoH=OIVU
6HVqskwT1UA=P7Tqu
nrMS4vq=PcoQ
0D2Sp=PhL
6gbs8W1=R5cS9
6oIWRN=RGao4
p6wHc=Rmt
EliQgH02=T13v
ZE8H4ed0l7pguAy=TbQ
z5MjQ3mhPCx=X0quv
k35MvANpLK=XJ0YA
JPqEX9NwGDC=XNkWu
hMvEbZrlXJ=ZWM
C4qvRw9XZTVs63J=Ztpxi
TqrpBLsW9=aqR
dkF8lSn=bPGMz
TAlr02vBVwM9J=bp5a
KgtX0TGCsjHc=cwTk6
d2vnIfOKG1PuFl=el2
AvCsh5KL=erN7y
YuOGlPwqoiUrD4F=fj0RV
Au9DBKMPHIQ1=fuB
w3HUWKc=hodXK
ofleFWOcZIts=hw7q
rEcMbp2Izd4B=jVK9
OoxXhApQg7=kHoum
DjVatRJU7LFw=kqv
HIjQdz0=ksmU
70BSrYy=l9T
vsakfG=lz6sI
klVjFOuRMWc=m9B
8f2GcmAjCFpHeE=nEhe
Y0lIgiyW=oEH
HQ4lE1siJC=owvM
MaXV7=rJRe
kLDlU05Xe62uZS=rewP
Zbp94KS=v0T
ytkL3VYzRK4qP=v7dTz
evaSJ=vOY
EYc61=vY9Q
HjnF84wsO=wBi
qOBlNFwdfzU=wUhA
jUOyG5Lf84x=xc6zS
fnKYabz=yK78q
02yvdZjIq9fxg=zTPDJ
