0
true
1
2
3
4
5
6
7
8
ko4OAD9Rbv=0.877171
yHzoQxkZaeM7SCX=0.294089
CmfHgElp=0.044316
iL6eICEB=0.478834
2dIwgOi3c0=0.773603
fkRQDZ81n9P=0.495980
7OMaAz4d0=0.732889
9
ko4OAD9Rbv=0.877171
yHzoQxkZaeM7SCX=0.294089
CmfHgElp=0.044316
iL6eICEB=0.478834
2dIwgOi3c0=0.773603
fkRQDZ81n9P=0.495980
7OMaAz4d0=0.732889
CmfHgElp=0.044316
yHzoQxkZaeM7SCX=0.294089
iL6eICEB=0.478834
fkRQDZ81n9P=0.495980
7OMaAz4d0=0.732889
2dIwgOi3c0=0.773603
ko4OAD9Rbv=0.877171
10
11
12
13
14
15
16
17
18
19
ko4OAD9Rbv=0.877171
yHzoQxkZaeM7SCX=0.294089
CmfHgElp=0.044316
iL6eICEB=0.478834
2dIwgOi3c0=0.773603
fkRQDZ81n9P=0.495980
7OMaAz4d0=0.732889
r1kU6Ma=0.758774
RXvHZnEVeq=0.275452
Sjrey2=0.643468
eamOoB503Ek=0.108642
MlbEH5a12PUco=0.391217
F04r7yCDKdp=0.983385
myHiMn9KJlOAhUw=0.473047
0Izg4Ui=0.916831
A2bOkZyzNvW5Q8=0.638958
CmfHgElp=0.044316
eamOoB503Ek=0.108642
RXvHZnEVeq=0.275452
yHzoQxkZaeM7SCX=0.294089
MlbEH5a12PUco=0.391217
myHiMn9KJlOAhUw=0.473047
iL6eICEB=0.478834
fkRQDZ81n9P=0.495980
A2bOkZyzNvW5Q8=0.638958
Sjrey2=0.643468
7OMaAz4d0=0.732889
r1kU6Ma=0.758774
2dIwgOi3c0=0.773603
ko4OAD9Rbv=0.877171
0Izg4Ui=0.916831
F04r7yCDKdp=0.983385
20
ko4OAD9Rbv=0.877171
yHzoQxkZaeM7SCX=0.294089
CmfHgElp=0.044316
iL6eICEB=0.478834
2dIwgOi3c0=0.773603
fkRQDZ81n9P=0.495980
7OMaAz4d0=0.732889
r1kU6Ma=0.758774
RXvHZnEVeq=0.275452
Sjrey2=0.643468
eamOoB503Ek=0.108642
MlbEH5a12PUco=0.391217
F04r7yCDKdp=0.983385
myHiMn9KJlOAhUw=0.473047
0Izg4Ui=0.916831
A2bOkZyzNvW5Q8=0.638958
CmfHgElp=0.044316
eamOoB503Ek=0.108642
RXvHZnEVeq=0.275452
yHzoQxkZaeM7SCX=0.294089
MlbEH5a12PUco=0.391217
myHiMn9KJlOAhUw=0.473047
iL6eICEB=0.478834
fkRQDZ81n9P=0.495980
A2bOkZyzNvW5Q8=0.638958
Sjrey2=0.643468
7OMaAz4d0=0.732889
r1kU6Ma=0.758774
2dIwgOi3c0=0.773603
ko4OAD9Rbv=0.877171
0Izg4Ui=0.916831
F04r7yCDKdp=0.983385
21
22
false
23
24
25
26
ko4OAD9Rbv=0.877171
yHzoQxkZaeM7SCX=0.294089
CmfHgElp=0.044316
iL6eICEB=0.478834
2dIwgOi3c0=0.773603
fkRQDZ81n9P=0.495980
7OMaAz4d0=0.732889
r1kU6Ma=0.758774
RXvHZnEVeq=0.275452
Sjrey2=0.643468
eamOoB503Ek=0.108642
MlbEH5a12PUco=0.391217
F04r7yCDKdp=0.983385
myHiMn9KJlOAhUw=0.473047
0Izg4Ui=0.916831
A2bOkZyzNvW5Q8=0.638958
k7sru4Sw=0.811994
hPjybL62egvZkYF=0.859267
QARbz12o8s6m=0.061754
ZLvPFmAa6lNEoW=0.322318
CmfHgElp=0.044316
eamOoB503Ek=0.108642
RXvHZnEVeq=0.275452
yHzoQxkZaeM7SCX=0.294089
MlbEH5a12PUco=0.391217
myHiMn9KJlOAhUw=0.473047
iL6eICEB=0.478834
fkRQDZ81n9P=0.495980
A2bOkZyzNvW5Q8=0.638958
Sjrey2=0.643468
7OMaAz4d0=0.732889
r1kU6Ma=0.758774
2dIwgOi3c0=0.773603
ko4OAD9Rbv=0.877171
0Izg4Ui=0.916831
F04r7yCDKdp=0.983385
27
28
29
30
31
32
33
34
35
36
ko4OAD9Rbv=0.877171
yHzoQxkZaeM7SCX=0.294089
CmfHgElp=0.044316
iL6eICEB=0.478834
2dIwgOi3c0=0.773603
fkRQDZ81n9P=0.495980
7OMaAz4d0=0.732889
r1kU6Ma=0.758774
RXvHZnEVeq=0.275452
Sjrey2=0.643468
eamOoB503Ek=0.108642
MlbEH5a12PUco=0.391217
F04r7yCDKdp=0.983385
myHiMn9KJlOAhUw=0.473047
0Izg4Ui=0.916831
A2bOkZyzNvW5Q8=0.638958
k7sru4Sw=0.811994
hPjybL62egvZkYF=0.859267
QARbz12o8s6m=0.061754
ZLvPFmAa6lNEoW=0.322318
j8SYEMk5J9xz6Nt=0.541289
kOyAxs=0.611999
EICye3vrk=0.061100
gUyv1ZSR3d=0.496258
GKYXr=0.504008
3bpDcXofsaK=0.850435
tM5Lywp4uCekT=0.852329
R1LHfw9cXmWt0p=0.905420
r9LszDFGI=0.629573
F04r7yCDKdp=0.983385
0Izg4Ui=0.916831
R1LHfw9cXmWt0p=0.905420
ko4OAD9Rbv=0.877171
hPjybL62egvZkYF=0.859267
tM5Lywp4uCekT=0.852329
3bpDcXofsaK=0.850435
k7sru4Sw=0.811994
2dIwgOi3c0=0.773603
r1kU6Ma=0.758774
7OMaAz4d0=0.732889
Sjrey2=0.643468
A2bOkZyzNvW5Q8=0.638958
r9LszDFGI=0.629573
kOyAxs=0.611999
j8SYEMk5J9xz6Nt=0.541289
GKYXr=0.504008
gUyv1ZSR3d=0.496258
fkRQDZ81n9P=0.495980
iL6eICEB=0.478834
myHiMn9KJlOAhUw=0.473047
MlbEH5a12PUco=0.391217
ZLvPFmAa6lNEoW=0.322318
yHzoQxkZaeM7SCX=0.294089
RXvHZnEVeq=0.275452
eamOoB503Ek=0.108642
QARbz12o8s6m=0.061754
EICye3vrk=0.061100
CmfHgElp=0.044316
37
38
39
ko4OAD9Rbv=0.877171
yHzoQxkZaeM7SCX=0.294089
CmfHgElp=0.044316
iL6eICEB=0.478834
2dIwgOi3c0=0.773603
fkRQDZ81n9P=0.495980
7OMaAz4d0=0.732889
r1kU6Ma=0.758774
RXvHZnEVeq=0.275452
Sjrey2=0.643468
eamOoB503Ek=0.108642
MlbEH5a12PUco=0.391217
F04r7yCDKdp=0.983385
myHiMn9KJlOAhUw=0.473047
0Izg4Ui=0.916831
A2bOkZyzNvW5Q8=0.638958
k7sru4Sw=0.811994
hPjybL62egvZkYF=0.859267
QARbz12o8s6m=0.061754
ZLvPFmAa6lNEoW=0.322318
j8SYEMk5J9xz6Nt=0.541289
kOyAxs=0.611999
EICye3vrk=0.061100
gUyv1ZSR3d=0.496258
GKYXr=0.504008
3bpDcXofsaK=0.850435
tM5Lywp4uCekT=0.852329
R1LHfw9cXmWt0p=0.905420
r9LszDFGI=0.629573
9pTX4bP8SI3EYG=0.585701
J5BmMEzsLa=0.279377
F04r7yCDKdp=0.983385
0Izg4Ui=0.916831
R1LHfw9cXmWt0p=0.905420
ko4OAD9Rbv=0.877171
hPjybL62egvZkYF=0.859267
tM5Lywp4uCekT=0.852329
3bpDcXofsaK=0.850435
k7sru4Sw=0.811994
2dIwgOi3c0=0.773603
r1kU6Ma=0.758774
7OMaAz4d0=0.732889
Sjrey2=0.643468
A2bOkZyzNvW5Q8=0.638958
r9LszDFGI=0.629573
kOyAxs=0.611999
9pTX4bP8SI3EYG=0.585701
j8SYEMk5J9xz6Nt=0.541289
GKYXr=0.504008
gUyv1ZSR3d=0.496258
fkRQDZ81n9P=0.495980
iL6eICEB=0.478834
myHiMn9KJlOAhUw=0.473047
MlbEH5a12PUco=0.391217
ZLvPFmAa6lNEoW=0.322318
yHzoQxkZaeM7SCX=0.294089
J5BmMEzsLa=0.279377
RXvHZnEVeq=0.275452
eamOoB503Ek=0.108642
QARbz12o8s6m=0.061754
EICye3vrk=0.061100
CmfHgElp=0.044316
40
41
42
ko4OAD9Rbv=0.877171
yHzoQxkZaeM7SCX=0.294089
CmfHgElp=0.044316
iL6eICEB=0.478834
2dIwgOi3c0=0.773603
fkRQDZ81n9P=0.495980
7OMaAz4d0=0.732889
r1kU6Ma=0.758774
RXvHZnEVeq=0.275452
Sjrey2=0.643468
eamOoB503Ek=0.108642
MlbEH5a12PUco=0.391217
F04r7yCDKdp=0.983385
myHiMn9KJlOAhUw=0.473047
0Izg4Ui=0.916831
A2bOkZyzNvW5Q8=0.638958
k7sru4Sw=0.811994
hPjybL62egvZkYF=0.859267
QARbz12o8s6m=0.061754
ZLvPFmAa6lNEoW=0.322318
j8SYEMk5J9xz6Nt=0.541289
kOyAxs=0.611999
EICye3vrk=0.061100
gUyv1ZSR3d=0.496258
GKYXr=0.504008
3bpDcXofsaK=0.850435
tM5Lywp4uCekT=0.852329
R1LHfw9cXmWt0p=0.905420
r9LszDFGI=0.629573
9pTX4bP8SI3EYG=0.585701
J5BmMEzsLa=0.279377
eGWSgbwroK=0.453943
p9cAOz6NW=0.226274
F04r7yCDKdp=0.983385
0Izg4Ui=0.916831
R1LHfw9cXmWt0p=0.905420
ko4OAD9Rbv=0.877171
hPjybL62egvZkYF=0.859267
tM5Lywp4uCekT=0.852329
3bpDcXofsaK=0.850435
k7sru4Sw=0.811994
2dIwgOi3c0=0.773603
r1kU6Ma=0.758774
7OMaAz4d0=0.732889
Sjrey2=0.643468
A2bOkZyzNvW5Q8=0.638958
r9LszDFGI=0.629573
kOyAxs=0.611999
9pTX4bP8SI3EYG=0.585701
j8SYEMk5J9xz6Nt=0.541289
GKYXr=0.504008
gUyv1ZSR3d=0.496258
fkRQDZ81n9P=0.495980
iL6eICEB=0.478834
myHiMn9KJlOAhUw=0.473047
MlbEH5a12PUco=0.391217
ZLvPFmAa6lNEoW=0.322318
yHzoQxkZaeM7SCX=0.294089
J5BmMEzsLa=0.279377
RXvHZnEVeq=0.275452
eamOoB503Ek=0.108642
QARbz12o8s6m=0.061754
EICye3vrk=0.061100
CmfHgElp=0.044316
43
44
45
46
47
48
49
ko4OAD9Rbv=0.877171
yHzoQxkZaeM7SCX=0.294089
CmfHgElp=0.044316
iL6eICEB=0.478834
2dIwgOi3c0=0.773603
fkRQDZ81n9P=0.495980
7OMaAz4d0=0.732889
r1kU6Ma=0.758774
RXvHZnEVeq=0.275452
Sjrey2=0.643468
eamOoB503Ek=0.108642
MlbEH5a12PUco=0.391217
F04r7yCDKdp=0.983385
myHiMn9KJlOAhUw=0.473047
0Izg4Ui=0.916831
A2bOkZyzNvW5Q8=0.638958
k7sru4Sw=0.811994
hPjybL62egvZkYF=0.859267
QARbz12o8s6m=0.061754
ZLvPFmAa6lNEoW=0.322318
j8SYEMk5J9xz6Nt=0.541289
kOyAxs=0.611999
EICye3vrk=0.061100
gUyv1ZSR3d=0.496258
GKYXr=0.504008
3bpDcXofsaK=0.850435
tM5Lywp4uCekT=0.852329
R1LHfw9cXmWt0p=0.905420
r9LszDFGI=0.629573
9pTX4bP8SI3EYG=0.585701
J5BmMEzsLa=0.279377
eGWSgbwroK=0.453943
p9cAOz6NW=0.226274
re8tKgaTk3NmhXc=0.297945
oWruLzO3c976MgP=0.585965
HQF06qhGpgwsm=0.894606
K4ow0qa3sOQek=0.676335
zLE8YFld=0.936620
ovPptKcX9B6y=0.039137
ovPptKcX9B6y=0.039137
CmfHgElp=0.044316
EICye3vrk=0.061100
QARbz12o8s6m=0.061754
eamOoB503Ek=0.108642
p9cAOz6NW=0.226274
RXvHZnEVeq=0.275452
J5BmMEzsLa=0.279377
yHzoQxkZaeM7SCX=0.294089
re8tKgaTk3NmhXc=0.297945
ZLvPFmAa6lNEoW=0.322318
MlbEH5a12PUco=0.391217
eGWSgbwroK=0.453943
myHiMn9KJlOAhUw=0.473047
iL6eICEB=0.478834
fkRQDZ81n9P=0.495980
gUyv1ZSR3d=0.496258
GKYXr=0.504008
j8SYEMk5J9xz6Nt=0.541289
9pTX4bP8SI3EYG=0.585701
oWruLzO3c976MgP=0.585965
kOyAxs=0.611999
r9LszDFGI=0.629573
A2bOkZyzNvW5Q8=0.638958
Sjrey2=0.643468
K4ow0qa3sOQek=0.676335
7OMaAz4d0=0.732889
r1kU6Ma=0.758774
2dIwgOi3c0=0.773603
k7sru4Sw=0.811994
3bpDcXofsaK=0.850435
tM5Lywp4uCekT=0.852329
hPjybL62egvZkYF=0.859267
ko4OAD9Rbv=0.877171
HQF06qhGpgwsm=0.894606
R1LHfw9cXmWt0p=0.905420
0Izg4Ui=0.916831
zLE8YFld=0.936620
F04r7yCDKdp=0.983385
50
51
52
53
54
55
56
57
58
false
59
60
61
62
ko4OAD9Rbv=0.877171
yHzoQxkZaeM7SCX=0.294089
CmfHgElp=0.044316
iL6eICEB=0.478834
2dIwgOi3c0=0.773603
fkRQDZ81n9P=0.495980
7OMaAz4d0=0.732889
r1kU6Ma=0.758774
RXvHZnEVeq=0.275452
Sjrey2=0.643468
eamOoB503Ek=0.108642
MlbEH5a12PUco=0.391217
F04r7yCDKdp=0.983385
myHiMn9KJlOAhUw=0.473047
0Izg4Ui=0.916831
A2bOkZyzNvW5Q8=0.638958
k7sru4Sw=0.811994
hPjybL62egvZkYF=0.859267
QARbz12o8s6m=0.061754
ZLvPFmAa6lNEoW=0.322318
j8SYEMk5J9xz6Nt=0.541289
kOyAxs=0.611999
EICye3vrk=0.061100
gUyv1ZSR3d=0.496258
GKYXr=0.504008
3bpDcXofsaK=0.850435
tM5Lywp4uCekT=0.852329
R1LHfw9cXmWt0p=0.905420
r9LszDFGI=0.629573
9pTX4bP8SI3EYG=0.585701
J5BmMEzsLa=0.279377
eGWSgbwroK=0.453943
p9cAOz6NW=0.226274
re8tKgaTk3NmhXc=0.297945
oWruLzO3c976MgP=0.585965
HQF06qhGpgwsm=0.894606
K4ow0qa3sOQek=0.676335
zLE8YFld=0.936620
ovPptKcX9B6y=0.039137
PzWa6xGeZidckJF=0.369947
2lcYKLIgs4d=0.388255
iu4dzJajY21=0.308567
xLMYEe6JmN1K5=0.222027
tLZRF5T1Nu896=0.113028
BvyGoLUP42a=0.206460
r4QEw3j6=0.901908
BFErbkP9GqN=0.450524
tlPd184J=0.553827
8bhgDmitJl=0.185350
hkoB3A5SxOmryD=0.575386
ovPptKcX9B6y=0.039137
CmfHgElp=0.044316
EICye3vrk=0.061100
QARbz12o8s6m=0.061754
eamOoB503Ek=0.108642
p9cAOz6NW=0.226274
RXvHZnEVeq=0.275452
J5BmMEzsLa=0.279377
yHzoQxkZaeM7SCX=0.294089
re8tKgaTk3NmhXc=0.297945
ZLvPFmAa6lNEoW=0.322318
MlbEH5a12PUco=0.391217
eGWSgbwroK=0.453943
myHiMn9KJlOAhUw=0.473047
iL6eICEB=0.478834
fkRQDZ81n9P=0.495980
gUyv1ZSR3d=0.496258
GKYXr=0.504008
j8SYEMk5J9xz6Nt=0.541289
9pTX4bP8SI3EYG=0.585701
oWruLzO3c976MgP=0.585965
kOyAxs=0.611999
r9LszDFGI=0.629573
A2bOkZyzNvW5Q8=0.638958
Sjrey2=0.643468
K4ow0qa3sOQek=0.676335
7OMaAz4d0=0.732889
r1kU6Ma=0.758774
2dIwgOi3c0=0.773603
k7sru4Sw=0.811994
3bpDcXofsaK=0.850435
tM5Lywp4uCekT=0.852329
hPjybL62egvZkYF=0.859267
ko4OAD9Rbv=0.877171
HQF06qhGpgwsm=0.894606
R1LHfw9cXmWt0p=0.905420
0Izg4Ui=0.916831
zLE8YFld=0.936620
F04r7yCDKdp=0.983385
63
64
ko4OAD9Rbv=0.877171
yHzoQxkZaeM7SCX=0.294089
CmfHgElp=0.044316
iL6eICEB=0.478834
2dIwgOi3c0=0.773603
fkRQDZ81n9P=0.495980
7OMaAz4d0=0.732889
r1kU6Ma=0.758774
RXvHZnEVeq=0.275452
Sjrey2=0.643468
eamOoB503Ek=0.108642
MlbEH5a12PUco=0.391217
F04r7yCDKdp=0.983385
myHiMn9KJlOAhUw=0.473047
0Izg4Ui=0.916831
A2bOkZyzNvW5Q8=0.638958
k7sru4Sw=0.811994
hPjybL62egvZkYF=0.859267
QARbz12o8s6m=0.061754
ZLvPFmAa6lNEoW=0.322318
j8SYEMk5J9xz6Nt=0.541289
kOyAxs=0.611999
EICye3vrk=0.061100
gUyv1ZSR3d=0.496258
GKYXr=0.504008
3bpDcXofsaK=0.850435
tM5Lywp4uCekT=0.852329
R1LHfw9cXmWt0p=0.905420
r9LszDFGI=0.629573
9pTX4bP8SI3EYG=0.585701
J5BmMEzsLa=0.279377
eGWSgbwroK=0.453943
p9cAOz6NW=0.226274
re8tKgaTk3NmhXc=0.297945
oWruLzO3c976MgP=0.585965
HQF06qhGpgwsm=0.894606
K4ow0qa3sOQek=0.676335
zLE8YFld=0.936620
ovPptKcX9B6y=0.039137
PzWa6xGeZidckJF=0.369947
2lcYKLIgs4d=0.388255
iu4dzJajY21=0.308567
xLMYEe6JmN1K5=0.222027
tLZRF5T1Nu896=0.113028
BvyGoLUP42a=0.206460
r4QEw3j6=0.901908
BFErbkP9GqN=0.450524
tlPd184J=0.553827
8bhgDmitJl=0.185350
hkoB3A5SxOmryD=0.575386
GpyeFBHjqcA7Pnv=0.856935
ovPptKcX9B6y=0.039137
CmfHgElp=0.044316
EICye3vrk=0.061100
QARbz12o8s6m=0.061754
eamOoB503Ek=0.108642
tLZRF5T1Nu896=0.113028
8bhgDmitJl=0.185350
BvyGoLUP42a=0.206460
xLMYEe6JmN1K5=0.222027
p9cAOz6NW=0.226274
RXvHZnEVeq=0.275452
J5BmMEzsLa=0.279377
yHzoQxkZaeM7SCX=0.294089
re8tKgaTk3NmhXc=0.297945
iu4dzJajY21=0.308567
ZLvPFmAa6lNEoW=0.322318
PzWa6xGeZidckJF=0.369947
2lcYKLIgs4d=0.388255
MlbEH5a12PUco=0.391217
BFErbkP9GqN=0.450524
eGWSgbwroK=0.453943
myHiMn9KJlOAhUw=0.473047
iL6eICEB=0.478834
fkRQDZ81n9P=0.495980
gUyv1ZSR3d=0.496258
GKYXr=0.504008
j8SYEMk5J9xz6Nt=0.541289
tlPd184J=0.553827
hkoB3A5SxOmryD=0.575386
9pTX4bP8SI3EYG=0.585701
oWruLzO3c976MgP=0.585965
kOyAxs=0.611999
r9LszDFGI=0.629573
A2bOkZyzNvW5Q8=0.638958
Sjrey2=0.643468
K4ow0qa3sOQek=0.676335
7OMaAz4d0=0.732889
r1kU6Ma=0.758774
2dIwgOi3c0=0.773603
k7sru4Sw=0.811994
3bpDcXofsaK=0.850435
tM5Lywp4uCekT=0.852329
GpyeFBHjqcA7Pnv=0.856935
hPjybL62egvZkYF=0.859267
ko4OAD9Rbv=0.877171
HQF06qhGpgwsm=0.894606
r4QEw3j6=0.901908
R1LHfw9cXmWt0p=0.905420
0Izg4Ui=0.916831
zLE8YFld=0.936620
F04r7yCDKdp=0.983385
65
ko4OAD9Rbv=0.877171
yHzoQxkZaeM7SCX=0.294089
CmfHgElp=0.044316
iL6eICEB=0.478834
2dIwgOi3c0=0.773603
fkRQDZ81n9P=0.495980
7OMaAz4d0=0.732889
r1kU6Ma=0.758774
RXvHZnEVeq=0.275452
Sjrey2=0.643468
eamOoB503Ek=0.108642
MlbEH5a12PUco=0.391217
F04r7yCDKdp=0.983385
myHiMn9KJlOAhUw=0.473047
0Izg4Ui=0.916831
A2bOkZyzNvW5Q8=0.638958
k7sru4Sw=0.811994
hPjybL62egvZkYF=0.859267
QARbz12o8s6m=0.061754
ZLvPFmAa6lNEoW=0.322318
j8SYEMk5J9xz6Nt=0.541289
kOyAxs=0.611999
EICye3vrk=0.061100
gUyv1ZSR3d=0.496258
GKYXr=0.504008
3bpDcXofsaK=0.850435
tM5Lywp4uCekT=0.852329
R1LHfw9cXmWt0p=0.905420
r9LszDFGI=0.629573
9pTX4bP8SI3EYG=0.585701
J5BmMEzsLa=0.279377
eGWSgbwroK=0.453943
p9cAOz6NW=0.226274
re8tKgaTk3NmhXc=0.297945
oWruLzO3c976MgP=0.585965
HQF06qhGpgwsm=0.894606
K4ow0qa3sOQek=0.676335
zLE8YFld=0.936620
ovPptKcX9B6y=0.039137
PzWa6xGeZidckJF=0.369947
2lcYKLIgs4d=0.388255
iu4dzJajY21=0.308567
xLMYEe6JmN1K5=0.222027
tLZRF5T1Nu896=0.113028
BvyGoLUP42a=0.206460
r4QEw3j6=0.901908
BFErbkP9GqN=0.450524
tlPd184J=0.553827
8bhgDmitJl=0.185350
hkoB3A5SxOmryD=0.575386
GpyeFBHjqcA7Pnv=0.856935
F04r7yCDKdp=0.983385
zLE8YFld=0.936620
0Izg4Ui=0.916831
R1LHfw9cXmWt0p=0.905420
r4QEw3j6=0.901908
HQF06qhGpgwsm=0.894606
ko4OAD9Rbv=0.877171
hPjybL62egvZkYF=0.859267
GpyeFBHjqcA7Pnv=0.856935
tM5Lywp4uCekT=0.852329
3bpDcXofsaK=0.850435
k7sru4Sw=0.811994
2dIwgOi3c0=0.773603
r1kU6Ma=0.758774
7OMaAz4d0=0.732889
K4ow0qa3sOQek=0.676335
Sjrey2=0.643468
A2bOkZyzNvW5Q8=0.638958
r9LszDFGI=0.629573
kOyAxs=0.611999
oWruLzO3c976MgP=0.585965
9pTX4bP8SI3EYG=0.585701
hkoB3A5SxOmryD=0.575386
tlPd184J=0.553827
j8SYEMk5J9xz6Nt=0.541289
GKYXr=0.504008
gUyv1ZSR3d=0.496258
fkRQDZ81n9P=0.495980
iL6eICEB=0.478834
myHiMn9KJlOAhUw=0.473047
eGWSgbwroK=0.453943
BFErbkP9GqN=0.450524
MlbEH5a12PUco=0.391217
2lcYKLIgs4d=0.388255
PzWa6xGeZidckJF=0.369947
ZLvPFmAa6lNEoW=0.322318
iu4dzJajY21=0.308567
re8tKgaTk3NmhXc=0.297945
yHzoQxkZaeM7SCX=0.294089
J5BmMEzsLa=0.279377
RXvHZnEVeq=0.275452
p9cAOz6NW=0.226274
xLMYEe6JmN1K5=0.222027
BvyGoLUP42a=0.206460
8bhgDmitJl=0.185350
tLZRF5T1Nu896=0.113028
eamOoB503Ek=0.108642
QARbz12o8s6m=0.061754
EICye3vrk=0.061100
CmfHgElp=0.044316
ovPptKcX9B6y=0.039137
66
67
68
69
70
71
false
72
73
ko4OAD9Rbv=0.877171
yHzoQxkZaeM7SCX=0.294089
CmfHgElp=0.044316
iL6eICEB=0.478834
2dIwgOi3c0=0.773603
fkRQDZ81n9P=0.495980
7OMaAz4d0=0.732889
r1kU6Ma=0.758774
RXvHZnEVeq=0.275452
Sjrey2=0.643468
eamOoB503Ek=0.108642
MlbEH5a12PUco=0.391217
F04r7yCDKdp=0.983385
myHiMn9KJlOAhUw=0.473047
0Izg4Ui=0.916831
A2bOkZyzNvW5Q8=0.638958
k7sru4Sw=0.811994
hPjybL62egvZkYF=0.859267
QARbz12o8s6m=0.061754
ZLvPFmAa6lNEoW=0.322318
j8SYEMk5J9xz6Nt=0.541289
kOyAxs=0.611999
EICye3vrk=0.061100
gUyv1ZSR3d=0.496258
GKYXr=0.504008
3bpDcXofsaK=0.850435
tM5Lywp4uCekT=0.852329
R1LHfw9cXmWt0p=0.905420
r9LszDFGI=0.629573
9pTX4bP8SI3EYG=0.585701
J5BmMEzsLa=0.279377
eGWSgbwroK=0.453943
p9cAOz6NW=0.226274
re8tKgaTk3NmhXc=0.297945
oWruLzO3c976MgP=0.585965
HQF06qhGpgwsm=0.894606
K4ow0qa3sOQek=0.676335
zLE8YFld=0.936620
ovPptKcX9B6y=0.039137
PzWa6xGeZidckJF=0.369947
2lcYKLIgs4d=0.388255
iu4dzJajY21=0.308567
xLMYEe6JmN1K5=0.222027
tLZRF5T1Nu896=0.113028
BvyGoLUP42a=0.206460
r4QEw3j6=0.901908
BFErbkP9GqN=0.450524
tlPd184J=0.553827
8bhgDmitJl=0.185350
hkoB3A5SxOmryD=0.575386
GpyeFBHjqcA7Pnv=0.856935
1XD9P=0.618875
yICfu=0.546490
7sYezDQpjB=0.699205
GMdPy=0.996063
aiFm0Zpd=0.543950
eb04dDpqM8V=0.168432
GMdPy=0.996063
F04r7yCDKdp=0.983385
zLE8YFld=0.936620
0Izg4Ui=0.916831
R1LHfw9cXmWt0p=0.905420
r4QEw3j6=0.901908
HQF06qhGpgwsm=0.894606
ko4OAD9Rbv=0.877171
hPjybL62egvZkYF=0.859267
GpyeFBHjqcA7Pnv=0.856935
tM5Lywp4uCekT=0.852329
3bpDcXofsaK=0.850435
k7sru4Sw=0.811994
2dIwgOi3c0=0.773603
r1kU6Ma=0.758774
7OMaAz4d0=0.732889
7sYezDQpjB=0.699205
K4ow0qa3sOQek=0.676335
Sjrey2=0.643468
A2bOkZyzNvW5Q8=0.638958
r9LszDFGI=0.629573
1XD9P=0.618875
kOyAxs=0.611999
oWruLzO3c976MgP=0.585965
9pTX4bP8SI3EYG=0.585701
hkoB3A5SxOmryD=0.575386
tlPd184J=0.553827
yICfu=0.546490
aiFm0Zpd=0.543950
j8SYEMk5J9xz6Nt=0.541289
GKYXr=0.504008
gUyv1ZSR3d=0.496258
fkRQDZ81n9P=0.495980
iL6eICEB=0.478834
myHiMn9KJlOAhUw=0.473047
eGWSgbwroK=0.453943
BFErbkP9GqN=0.450524
MlbEH5a12PUco=0.391217
2lcYKLIgs4d=0.388255
PzWa6xGeZidckJF=0.369947
ZLvPFmAa6lNEoW=0.322318
iu4dzJajY21=0.308567
re8tKgaTk3NmhXc=0.297945
yHzoQxkZaeM7SCX=0.294089
J5BmMEzsLa=0.279377
RXvHZnEVeq=0.275452
p9cAOz6NW=0.226274
xLMYEe6JmN1K5=0.222027
BvyGoLUP42a=0.206460
8bhgDmitJl=0.185350
eb04dDpqM8V=0.168432
tLZRF5T1Nu896=0.113028
eamOoB503Ek=0.108642
QARbz12o8s6m=0.061754
EICye3vrk=0.061100
CmfHgElp=0.044316
ovPptKcX9B6y=0.039137
74
75
76
77
ko4OAD9Rbv=0.877171
yHzoQxkZaeM7SCX=0.294089
CmfHgElp=0.044316
iL6eICEB=0.478834
2dIwgOi3c0=0.773603
fkRQDZ81n9P=0.495980
7OMaAz4d0=0.732889
r1kU6Ma=0.758774
RXvHZnEVeq=0.275452
Sjrey2=0.643468
eamOoB503Ek=0.108642
MlbEH5a12PUco=0.391217
F04r7yCDKdp=0.983385
myHiMn9KJlOAhUw=0.473047
0Izg4Ui=0.916831
A2bOkZyzNvW5Q8=0.638958
k7sru4Sw=0.811994
hPjybL62egvZkYF=0.859267
QARbz12o8s6m=0.061754
ZLvPFmAa6lNEoW=0.322318
j8SYEMk5J9xz6Nt=0.541289
kOyAxs=0.611999
EICye3vrk=0.061100
gUyv1ZSR3d=0.496258
GKYXr=0.504008
3bpDcXofsaK=0.850435
tM5Lywp4uCekT=0.852329
R1LHfw9cXmWt0p=0.905420
r9LszDFGI=0.629573
9pTX4bP8SI3EYG=0.585701
J5BmMEzsLa=0.279377
eGWSgbwroK=0.453943
p9cAOz6NW=0.226274
re8tKgaTk3NmhXc=0.297945
oWruLzO3c976MgP=0.585965
HQF06qhGpgwsm=0.894606
K4ow0qa3sOQek=0.676335
zLE8YFld=0.936620
ovPptKcX9B6y=0.039137
PzWa6xGeZidckJF=0.369947
2lcYKLIgs4d=0.388255
iu4dzJajY21=0.308567
xLMYEe6JmN1K5=0.222027
tLZRF5T1Nu896=0.113028
BvyGoLUP42a=0.206460
r4QEw3j6=0.901908
BFErbkP9GqN=0.450524
tlPd184J=0.553827
8bhgDmitJl=0.185350
hkoB3A5SxOmryD=0.575386
GpyeFBHjqcA7Pnv=0.856935
1XD9P=0.618875
yICfu=0.546490
7sYezDQpjB=0.699205
GMdPy=0.996063
aiFm0Zpd=0.543950
eb04dDpqM8V=0.168432
xjNbEmQPVXDLH=0.449081
QWB7ntkKvFzfTmo=0.699053
fzmJwnyo94l6NR=0.029557
GMdPy=0.996063
F04r7yCDKdp=0.983385
zLE8YFld=0.936620
0Izg4Ui=0.916831
R1LHfw9cXmWt0p=0.905420
r4QEw3j6=0.901908
HQF06qhGpgwsm=0.894606
ko4OAD9Rbv=0.877171
hPjybL62egvZkYF=0.859267
GpyeFBHjqcA7Pnv=0.856935
tM5Lywp4uCekT=0.852329
3bpDcXofsaK=0.850435
k7sru4Sw=0.811994
2dIwgOi3c0=0.773603
r1kU6Ma=0.758774
7OMaAz4d0=0.732889
7sYezDQpjB=0.699205
QWB7ntkKvFzfTmo=0.699053
K4ow0qa3sOQek=0.676335
Sjrey2=0.643468
A2bOkZyzNvW5Q8=0.638958
r9LszDFGI=0.629573
1XD9P=0.618875
kOyAxs=0.611999
oWruLzO3c976MgP=0.585965
9pTX4bP8SI3EYG=0.585701
hkoB3A5SxOmryD=0.575386
tlPd184J=0.553827
yICfu=0.546490
aiFm0Zpd=0.543950
j8SYEMk5J9xz6Nt=0.541289
GKYXr=0.504008
gUyv1ZSR3d=0.496258
fkRQDZ81n9P=0.495980
iL6eICEB=0.478834
myHiMn9KJlOAhUw=0.473047
eGWSgbwroK=0.453943
BFErbkP9GqN=0.450524
xjNbEmQPVXDLH=0.449081
MlbEH5a12PUco=0.391217
2lcYKLIgs4d=0.388255
PzWa6xGeZidckJF=0.369947
ZLvPFmAa6lNEoW=0.322318
iu4dzJajY21=0.308567
re8tKgaTk3NmhXc=0.297945
yHzoQxkZaeM7SCX=0.294089
J5BmMEzsLa=0.279377
RXvHZnEVeq=0.275452
p9cAOz6NW=0.226274
xLMYEe6JmN1K5=0.222027
BvyGoLUP42a=0.206460
8bhgDmitJl=0.185350
eb04dDpqM8V=0.168432
tLZRF5T1Nu896=0.113028
eamOoB503Ek=0.108642
QARbz12o8s6m=0.061754
EICye3vrk=0.061100
CmfHgElp=0.044316
ovPptKcX9B6y=0.039137
fzmJwnyo94l6NR=0.029557
78
79
ko4OAD9Rbv=0.877171
yHzoQxkZaeM7SCX=0.294089
CmfHgElp=0.044316
iL6eICEB=0.478834
2dIwgOi3c0=0.773603
fkRQDZ81n9P=0.495980
7OMaAz4d0=0.732889
r1kU6Ma=0.758774
RXvHZnEVeq=0.275452
Sjrey2=0.643468
eamOoB503Ek=0.108642
MlbEH5a12PUco=0.391217
F04r7yCDKdp=0.983385
myHiMn9KJlOAhUw=0.473047
0Izg4Ui=0.916831
A2bOkZyzNvW5Q8=0.638958
k7sru4Sw=0.811994
hPjybL62egvZkYF=0.859267
QARbz12o8s6m=0.061754
ZLvPFmAa6lNEoW=0.322318
j8SYEMk5J9xz6Nt=0.541289
kOyAxs=0.611999
EICye3vrk=0.061100
gUyv1ZSR3d=0.496258
GKYXr=0.504008
3bpDcXofsaK=0.850435
tM5Lywp4uCekT=0.852329
R1LHfw9cXmWt0p=0.905420
r9LszDFGI=0.629573
9pTX4bP8SI3EYG=0.585701
J5BmMEzsLa=0.279377
eGWSgbwroK=0.453943
p9cAOz6NW=0.226274
re8tKgaTk3NmhXc=0.297945
oWruLzO3c976MgP=0.585965
HQF06qhGpgwsm=0.894606
K4ow0qa3sOQek=0.676335
zLE8YFld=0.936620
ovPptKcX9B6y=0.039137
PzWa6xGeZidckJF=0.369947
2lcYKLIgs4d=0.388255
iu4dzJajY21=0.308567
xLMYEe6JmN1K5=0.222027
tLZRF5T1Nu896=0.113028
BvyGoLUP42a=0.206460
r4QEw3j6=0.901908
BFErbkP9GqN=0.450524
tlPd184J=0.553827
8bhgDmitJl=0.185350
hkoB3A5SxOmryD=0.575386
GpyeFBHjqcA7Pnv=0.856935
1XD9P=0.618875
yICfu=0.546490
7sYezDQpjB=0.699205
GMdPy=0.996063
aiFm0Zpd=0.543950
eb04dDpqM8V=0.168432
xjNbEmQPVXDLH=0.449081
QWB7ntkKvFzfTmo=0.699053
fzmJwnyo94l6NR=0.029557
wYCqjrzLF6O=0.461319
fzmJwnyo94l6NR=0.029557
ovPptKcX9B6y=0.039137
CmfHgElp=0.044316
EICye3vrk=0.061100
QARbz12o8s6m=0.061754
eamOoB503Ek=0.108642
tLZRF5T1Nu896=0.113028
eb04dDpqM8V=0.168432
8bhgDmitJl=0.185350
BvyGoLUP42a=0.206460
xLMYEe6JmN1K5=0.222027
p9cAOz6NW=0.226274
RXvHZnEVeq=0.275452
J5BmMEzsLa=0.279377
yHzoQxkZaeM7SCX=0.294089
re8tKgaTk3NmhXc=0.297945
iu4dzJajY21=0.308567
ZLvPFmAa6lNEoW=0.322318
PzWa6xGeZidckJF=0.369947
2lcYKLIgs4d=0.388255
MlbEH5a12PUco=0.391217
xjNbEmQPVXDLH=0.449081
BFErbkP9GqN=0.450524
eGWSgbwroK=0.453943
wYCqjrzLF6O=0.461319
myHiMn9KJlOAhUw=0.473047
iL6eICEB=0.478834
fkRQDZ81n9P=0.495980
gUyv1ZSR3d=0.496258
GKYXr=0.504008
j8SYEMk5J9xz6Nt=0.541289
aiFm0Zpd=0.543950
yICfu=0.546490
tlPd184J=0.553827
hkoB3A5SxOmryD=0.575386
9pTX4bP8SI3EYG=0.585701
oWruLzO3c976MgP=0.585965
kOyAxs=0.611999
1XD9P=0.618875
r9LszDFGI=0.629573
A2bOkZyzNvW5Q8=0.638958
Sjrey2=0.643468
K4ow0qa3sOQek=0.676335
QWB7ntkKvFzfTmo=0.699053
7sYezDQpjB=0.699205
7OMaAz4d0=0.732889
r1kU6Ma=0.758774
2dIwgOi3c0=0.773603
k7sru4Sw=0.811994
3bpDcXofsaK=0.850435
tM5Lywp4uCekT=0.852329
GpyeFBHjqcA7Pnv=0.856935
hPjybL62egvZkYF=0.859267
ko4OAD9Rbv=0.877171
HQF06qhGpgwsm=0.894606
r4QEw3j6=0.901908
R1LHfw9cXmWt0p=0.905420
0Izg4Ui=0.916831
zLE8YFld=0.936620
F04r7yCDKdp=0.983385
GMdPy=0.996063
80
81
82
83
84
85
86
87
ko4OAD9Rbv=0.877171
yHzoQxkZaeM7SCX=0.294089
CmfHgElp=0.044316
iL6eICEB=0.478834
2dIwgOi3c0=0.773603
fkRQDZ81n9P=0.495980
7OMaAz4d0=0.732889
r1kU6Ma=0.758774
RXvHZnEVeq=0.275452
Sjrey2=0.643468
eamOoB503Ek=0.108642
MlbEH5a12PUco=0.391217
F04r7yCDKdp=0.983385
myHiMn9KJlOAhUw=0.473047
0Izg4Ui=0.916831
A2bOkZyzNvW5Q8=0.638958
k7sru4Sw=0.811994
hPjybL62egvZkYF=0.859267
QARbz12o8s6m=0.061754
ZLvPFmAa6lNEoW=0.322318
j8SYEMk5J9xz6Nt=0.541289
kOyAxs=0.611999
EICye3vrk=0.061100
gUyv1ZSR3d=0.496258
GKYXr=0.504008
3bpDcXofsaK=0.850435
tM5Lywp4uCekT=0.852329
R1LHfw9cXmWt0p=0.905420
r9LszDFGI=0.629573
9pTX4bP8SI3EYG=0.585701
J5BmMEzsLa=0.279377
eGWSgbwroK=0.453943
p9cAOz6NW=0.226274
re8tKgaTk3NmhXc=0.297945
oWruLzO3c976MgP=0.585965
HQF06qhGpgwsm=0.894606
K4ow0qa3sOQek=0.676335
zLE8YFld=0.936620
ovPptKcX9B6y=0.039137
PzWa6xGeZidckJF=0.369947
2lcYKLIgs4d=0.388255
iu4dzJajY21=0.308567
xLMYEe6JmN1K5=0.222027
tLZRF5T1Nu896=0.113028
BvyGoLUP42a=0.206460
r4QEw3j6=0.901908
BFErbkP9GqN=0.450524
tlPd184J=0.553827
8bhgDmitJl=0.185350
hkoB3A5SxOmryD=0.575386
GpyeFBHjqcA7Pnv=0.856935
1XD9P=0.618875
yICfu=0.546490
7sYezDQpjB=0.699205
GMdPy=0.996063
aiFm0Zpd=0.543950
eb04dDpqM8V=0.168432
xjNbEmQPVXDLH=0.449081
QWB7ntkKvFzfTmo=0.699053
fzmJwnyo94l6NR=0.029557
wYCqjrzLF6O=0.461319
ec7yYPziUE5Q=0.524501
6VAtq4wg=0.210566
pK8Ye1=0.664124
mI6ONh9XtMWEK=0.561143
BtSJfkTnCeyVjLM=0.644586
9m752M3Nc=0.819315
R2O0o=0.045304
GMdPy=0.996063
F04r7yCDKdp=0.983385
zLE8YFld=0.936620
0Izg4Ui=0.916831
R1LHfw9cXmWt0p=0.905420
r4QEw3j6=0.901908
HQF06qhGpgwsm=0.894606
ko4OAD9Rbv=0.877171
hPjybL62egvZkYF=0.859267
GpyeFBHjqcA7Pnv=0.856935
tM5Lywp4uCekT=0.852329
3bpDcXofsaK=0.850435
9m752M3Nc=0.819315
k7sru4Sw=0.811994
2dIwgOi3c0=0.773603
r1kU6Ma=0.758774
7OMaAz4d0=0.732889
7sYezDQpjB=0.699205
QWB7ntkKvFzfTmo=0.699053
K4ow0qa3sOQek=0.676335
pK8Ye1=0.664124
BtSJfkTnCeyVjLM=0.644586
Sjrey2=0.643468
A2bOkZyzNvW5Q8=0.638958
r9LszDFGI=0.629573
1XD9P=0.618875
kOyAxs=0.611999
oWruLzO3c976MgP=0.585965
9pTX4bP8SI3EYG=0.585701
hkoB3A5SxOmryD=0.575386
mI6ONh9XtMWEK=0.561143
tlPd184J=0.553827
yICfu=0.546490
aiFm0Zpd=0.543950
j8SYEMk5J9xz6Nt=0.541289
ec7yYPziUE5Q=0.524501
GKYXr=0.504008
gUyv1ZSR3d=0.496258
fkRQDZ81n9P=0.495980
iL6eICEB=0.478834
myHiMn9KJlOAhUw=0.473047
wYCqjrzLF6O=0.461319
eGWSgbwroK=0.453943
BFErbkP9GqN=0.450524
xjNbEmQPVXDLH=0.449081
MlbEH5a12PUco=0.391217
2lcYKLIgs4d=0.388255
PzWa6xGeZidckJF=0.369947
ZLvPFmAa6lNEoW=0.322318
iu4dzJajY21=0.308567
re8tKgaTk3NmhXc=0.297945
yHzoQxkZaeM7SCX=0.294089
J5BmMEzsLa=0.279377
RXvHZnEVeq=0.275452
p9cAOz6NW=0.226274
xLMYEe6JmN1K5=0.222027
6VAtq4wg=0.210566
BvyGoLUP42a=0.206460
8bhgDmitJl=0.185350
eb04dDpqM8V=0.168432
tLZRF5T1Nu896=0.113028
eamOoB503Ek=0.108642
QARbz12o8s6m=0.061754
EICye3vrk=0.061100
R2O0o=0.045304
CmfHgElp=0.044316
ovPptKcX9B6y=0.039137
fzmJwnyo94l6NR=0.029557
88
89
ko4OAD9Rbv=0.877171
yHzoQxkZaeM7SCX=0.294089
CmfHgElp=0.044316
iL6eICEB=0.478834
2dIwgOi3c0=0.773603
fkRQDZ81n9P=0.495980
7OMaAz4d0=0.732889
r1kU6Ma=0.758774
RXvHZnEVeq=0.275452
Sjrey2=0.643468
eamOoB503Ek=0.108642
MlbEH5a12PUco=0.391217
F04r7yCDKdp=0.983385
myHiMn9KJlOAhUw=0.473047
0Izg4Ui=0.916831
A2bOkZyzNvW5Q8=0.638958
k7sru4Sw=0.811994
hPjybL62egvZkYF=0.859267
QARbz12o8s6m=0.061754
ZLvPFmAa6lNEoW=0.322318
j8SYEMk5J9xz6Nt=0.541289
kOyAxs=0.611999
EICye3vrk=0.061100
gUyv1ZSR3d=0.496258
GKYXr=0.504008
3bpDcXofsaK=0.850435
tM5Lywp4uCekT=0.852329
R1LHfw9cXmWt0p=0.905420
r9LszDFGI=0.629573
9pTX4bP8SI3EYG=0.585701
J5BmMEzsLa=0.279377
eGWSgbwroK=0.453943
p9cAOz6NW=0.226274
re8tKgaTk3NmhXc=0.297945
oWruLzO3c976MgP=0.585965
HQF06qhGpgwsm=0.894606
K4ow0qa3sOQek=0.676335
zLE8YFld=0.936620
ovPptKcX9B6y=0.039137
PzWa6xGeZidckJF=0.369947
2lcYKLIgs4d=0.388255
iu4dzJajY21=0.308567
xLMYEe6JmN1K5=0.222027
tLZRF5T1Nu896=0.113028
BvyGoLUP42a=0.206460
r4QEw3j6=0.901908
BFErbkP9GqN=0.450524
tlPd184J=0.553827
8bhgDmitJl=0.185350
hkoB3A5SxOmryD=0.575386
GpyeFBHjqcA7Pnv=0.856935
1XD9P=0.618875
yICfu=0.546490
7sYezDQpjB=0.699205
GMdPy=0.996063
aiFm0Zpd=0.543950
eb04dDpqM8V=0.168432
xjNbEmQPVXDLH=0.449081
QWB7ntkKvFzfTmo=0.699053
fzmJwnyo94l6NR=0.029557
wYCqjrzLF6O=0.461319
ec7yYPziUE5Q=0.524501
6VAtq4wg=0.210566
pK8Ye1=0.664124
mI6ONh9XtMWEK=0.561143
BtSJfkTnCeyVjLM=0.644586
9m752M3Nc=0.819315
R2O0o=0.045304
HUQCPoYmZSaA=0.527439
GMdPy=0.996063
F04r7yCDKdp=0.983385
zLE8YFld=0.936620
0Izg4Ui=0.916831
R1LHfw9cXmWt0p=0.905420
r4QEw3j6=0.901908
HQF06qhGpgwsm=0.894606
ko4OAD9Rbv=0.877171
hPjybL62egvZkYF=0.859267
GpyeFBHjqcA7Pnv=0.856935
tM5Lywp4uCekT=0.852329
3bpDcXofsaK=0.850435
9m752M3Nc=0.819315
k7sru4Sw=0.811994
2dIwgOi3c0=0.773603
r1kU6Ma=0.758774
7OMaAz4d0=0.732889
7sYezDQpjB=0.699205
QWB7ntkKvFzfTmo=0.699053
K4ow0qa3sOQek=0.676335
pK8Ye1=0.664124
BtSJfkTnCeyVjLM=0.644586
Sjrey2=0.643468
A2bOkZyzNvW5Q8=0.638958
r9LszDFGI=0.629573
1XD9P=0.618875
kOyAxs=0.611999
oWruLzO3c976MgP=0.585965
9pTX4bP8SI3EYG=0.585701
hkoB3A5SxOmryD=0.575386
mI6ONh9XtMWEK=0.561143
tlPd184J=0.553827
yICfu=0.546490
aiFm0Zpd=0.543950
j8SYEMk5J9xz6Nt=0.541289
ec7yYPziUE5Q=0.524501
GKYXr=0.504008
gUyv1ZSR3d=0.496258
fkRQDZ81n9P=0.495980
iL6eICEB=0.478834
myHiMn9KJlOAhUw=0.473047
wYCqjrzLF6O=0.461319
eGWSgbwroK=0.453943
BFErbkP9GqN=0.450524
xjNbEmQPVXDLH=0.449081
MlbEH5a12PUco=0.391217
2lcYKLIgs4d=0.388255
PzWa6xGeZidckJF=0.369947
ZLvPFmAa6lNEoW=0.322318
iu4dzJajY21=0.308567
re8tKgaTk3NmhXc=0.297945
yHzoQxkZaeM7SCX=0.294089
J5BmMEzsLa=0.279377
RXvHZnEVeq=0.275452
p9cAOz6NW=0.226274
xLMYEe6JmN1K5=0.222027
6VAtq4wg=0.210566
BvyGoLUP42a=0.206460
8bhgDmitJl=0.185350
eb04dDpqM8V=0.168432
tLZRF5T1Nu896=0.113028
eamOoB503Ek=0.108642
QARbz12o8s6m=0.061754
EICye3vrk=0.061100
R2O0o=0.045304
CmfHgElp=0.044316
ovPptKcX9B6y=0.039137
fzmJwnyo94l6NR=0.029557
90
91
92
93
94
95
96
ko4OAD9Rbv=0.877171
yHzoQxkZaeM7SCX=0.294089
CmfHgElp=0.044316
iL6eICEB=0.478834
2dIwgOi3c0=0.773603
fkRQDZ81n9P=0.495980
7OMaAz4d0=0.732889
r1kU6Ma=0.758774
RXvHZnEVeq=0.275452
Sjrey2=0.643468
eamOoB503Ek=0.108642
MlbEH5a12PUco=0.391217
F04r7yCDKdp=0.983385
myHiMn9KJlOAhUw=0.473047
0Izg4Ui=0.916831
A2bOkZyzNvW5Q8=0.638958
k7sru4Sw=0.811994
hPjybL62egvZkYF=0.859267
QARbz12o8s6m=0.061754
ZLvPFmAa6lNEoW=0.322318
j8SYEMk5J9xz6Nt=0.541289
kOyAxs=0.611999
EICye3vrk=0.061100
gUyv1ZSR3d=0.496258
GKYXr=0.504008
3bpDcXofsaK=0.850435
tM5Lywp4uCekT=0.852329
R1LHfw9cXmWt0p=0.905420
r9LszDFGI=0.629573
9pTX4bP8SI3EYG=0.585701
J5BmMEzsLa=0.279377
eGWSgbwroK=0.453943
p9cAOz6NW=0.226274
re8tKgaTk3NmhXc=0.297945
oWruLzO3c976MgP=0.585965
HQF06qhGpgwsm=0.894606
K4ow0qa3sOQek=0.676335
zLE8YFld=0.936620
ovPptKcX9B6y=0.039137
PzWa6xGeZidckJF=0.369947
2lcYKLIgs4d=0.388255
iu4dzJajY21=0.308567
xLMYEe6JmN1K5=0.222027
tLZRF5T1Nu896=0.113028
BvyGoLUP42a=0.206460
r4QEw3j6=0.901908
BFErbkP9GqN=0.450524
tlPd184J=0.553827
8bhgDmitJl=0.185350
hkoB3A5SxOmryD=0.575386
GpyeFBHjqcA7Pnv=0.856935
1XD9P=0.618875
yICfu=0.546490
7sYezDQpjB=0.699205
GMdPy=0.996063
aiFm0Zpd=0.543950
eb04dDpqM8V=0.168432
xjNbEmQPVXDLH=0.449081
QWB7ntkKvFzfTmo=0.699053
fzmJwnyo94l6NR=0.029557
wYCqjrzLF6O=0.461319
ec7yYPziUE5Q=0.524501
6VAtq4wg=0.210566
pK8Ye1=0.664124
mI6ONh9XtMWEK=0.561143
BtSJfkTnCeyVjLM=0.644586
9m752M3Nc=0.819315
R2O0o=0.045304
HUQCPoYmZSaA=0.527439
RN7MWGa9gJT6j=0.807138
zbFmR8=0.525400
xGSYZBar5uO7=0.459861
O15lB=0.683857
YVqvGK=0.760456
JgupnRC4B0liIw9=0.845486
GMdPy=0.996063
F04r7yCDKdp=0.983385
zLE8YFld=0.936620
0Izg4Ui=0.916831
R1LHfw9cXmWt0p=0.905420
r4QEw3j6=0.901908
HQF06qhGpgwsm=0.894606
ko4OAD9Rbv=0.877171
hPjybL62egvZkYF=0.859267
GpyeFBHjqcA7Pnv=0.856935
tM5Lywp4uCekT=0.852329
3bpDcXofsaK=0.850435
9m752M3Nc=0.819315
k7sru4Sw=0.811994
2dIwgOi3c0=0.773603
r1kU6Ma=0.758774
7OMaAz4d0=0.732889
7sYezDQpjB=0.699205
QWB7ntkKvFzfTmo=0.699053
K4ow0qa3sOQek=0.676335
pK8Ye1=0.664124
BtSJfkTnCeyVjLM=0.644586
Sjrey2=0.643468
A2bOkZyzNvW5Q8=0.638958
r9LszDFGI=0.629573
1XD9P=0.618875
kOyAxs=0.611999
oWruLzO3c976MgP=0.585965
9pTX4bP8SI3EYG=0.585701
hkoB3A5SxOmryD=0.575386
mI6ONh9XtMWEK=0.561143
tlPd184J=0.553827
yICfu=0.546490
aiFm0Zpd=0.543950
j8SYEMk5J9xz6Nt=0.541289
ec7yYPziUE5Q=0.524501
GKYXr=0.504008
gUyv1ZSR3d=0.496258
fkRQDZ81n9P=0.495980
iL6eICEB=0.478834
myHiMn9KJlOAhUw=0.473047
wYCqjrzLF6O=0.461319
eGWSgbwroK=0.453943
BFErbkP9GqN=0.450524
xjNbEmQPVXDLH=0.449081
MlbEH5a12PUco=0.391217
2lcYKLIgs4d=0.388255
PzWa6xGeZidckJF=0.369947
ZLvPFmAa6lNEoW=0.322318
iu4dzJajY21=0.308567
re8tKgaTk3NmhXc=0.297945
yHzoQxkZaeM7SCX=0.294089
J5BmMEzsLa=0.279377
RXvHZnEVeq=0.275452
p9cAOz6NW=0.226274
xLMYEe6JmN1K5=0.222027
6VAtq4wg=0.210566
BvyGoLUP42a=0.206460
8bhgDmitJl=0.185350
eb04dDpqM8V=0.168432
tLZRF5T1Nu896=0.113028
eamOoB503Ek=0.108642
QARbz12o8s6m=0.061754
EICye3vrk=0.061100
R2O0o=0.045304
CmfHgElp=0.044316
ovPptKcX9B6y=0.039137
fzmJwnyo94l6NR=0.029557
97
98
99
ko4OAD9Rbv=0.877171
yHzoQxkZaeM7SCX=0.294089
CmfHgElp=0.044316
iL6eICEB=0.478834
2dIwgOi3c0=0.773603
fkRQDZ81n9P=0.495980
7OMaAz4d0=0.732889
r1kU6Ma=0.758774
RXvHZnEVeq=0.275452
Sjrey2=0.643468
eamOoB503Ek=0.108642
MlbEH5a12PUco=0.391217
F04r7yCDKdp=0.983385
myHiMn9KJlOAhUw=0.473047
0Izg4Ui=0.916831
A2bOkZyzNvW5Q8=0.638958
k7sru4Sw=0.811994
hPjybL62egvZkYF=0.859267
QARbz12o8s6m=0.061754
ZLvPFmAa6lNEoW=0.322318
j8SYEMk5J9xz6Nt=0.541289
kOyAxs=0.611999
EICye3vrk=0.061100
gUyv1ZSR3d=0.496258
GKYXr=0.504008
3bpDcXofsaK=0.850435
tM5Lywp4uCekT=0.852329
R1LHfw9cXmWt0p=0.905420
r9LszDFGI=0.629573
9pTX4bP8SI3EYG=0.585701
J5BmMEzsLa=0.279377
eGWSgbwroK=0.453943
p9cAOz6NW=0.226274
re8tKgaTk3NmhXc=0.297945
oWruLzO3c976MgP=0.585965
HQF06qhGpgwsm=0.894606
K4ow0qa3sOQek=0.676335
zLE8YFld=0.936620
ovPptKcX9B6y=0.039137
PzWa6xGeZidckJF=0.369947
2lcYKLIgs4d=0.388255
iu4dzJajY21=0.308567
xLMYEe6JmN1K5=0.222027
tLZRF5T1Nu896=0.113028
BvyGoLUP42a=0.206460
r4QEw3j6=0.901908
BFErbkP9GqN=0.450524
tlPd184J=0.553827
8bhgDmitJl=0.185350
hkoB3A5SxOmryD=0.575386
GpyeFBHjqcA7Pnv=0.856935
1XD9P=0.618875
yICfu=0.546490
7sYezDQpjB=0.699205
GMdPy=0.996063
aiFm0Zpd=0.543950
eb04dDpqM8V=0.168432
xjNbEmQPVXDLH=0.449081
QWB7ntkKvFzfTmo=0.699053
fzmJwnyo94l6NR=0.029557
wYCqjrzLF6O=0.461319
ec7yYPziUE5Q=0.524501
6VAtq4wg=0.210566
pK8Ye1=0.664124
mI6ONh9XtMWEK=0.561143
BtSJfkTnCeyVjLM=0.644586
9m752M3Nc=0.819315
R2O0o=0.045304
HUQCPoYmZSaA=0.527439
RN7MWGa9gJT6j=0.807138
zbFmR8=0.525400
xGSYZBar5uO7=0.459861
O15lB=0.683857
YVqvGK=0.760456
JgupnRC4B0liIw9=0.845486
MzYQ51J=0.549168
om2OvHphY=0.386194
GMdPy=0.996063
F04r7yCDKdp=0.983385
zLE8YFld=0.936620
0Izg4Ui=0.916831
R1LHfw9cXmWt0p=0.905420
r4QEw3j6=0.901908
HQF06qhGpgwsm=0.894606
ko4OAD9Rbv=0.877171
hPjybL62egvZkYF=0.859267
GpyeFBHjqcA7Pnv=0.856935
tM5Lywp4uCekT=0.852329
3bpDcXofsaK=0.850435
9m752M3Nc=0.819315
k7sru4Sw=0.811994
2dIwgOi3c0=0.773603
r1kU6Ma=0.758774
7OMaAz4d0=0.732889
7sYezDQpjB=0.699205
QWB7ntkKvFzfTmo=0.699053
K4ow0qa3sOQek=0.676335
pK8Ye1=0.664124
BtSJfkTnCeyVjLM=0.644586
Sjrey2=0.643468
A2bOkZyzNvW5Q8=0.638958
r9LszDFGI=0.629573
1XD9P=0.618875
kOyAxs=0.611999
oWruLzO3c976MgP=0.585965
9pTX4bP8SI3EYG=0.585701
hkoB3A5SxOmryD=0.575386
mI6ONh9XtMWEK=0.561143
tlPd184J=0.553827
yICfu=0.546490
aiFm0Zpd=0.543950
j8SYEMk5J9xz6Nt=0.541289
ec7yYPziUE5Q=0.524501
GKYXr=0.504008
gUyv1ZSR3d=0.496258
fkRQDZ81n9P=0.495980
iL6eICEB=0.478834
myHiMn9KJlOAhUw=0.473047
wYCqjrzLF6O=0.461319
eGWSgbwroK=0.453943
BFErbkP9GqN=0.450524
xjNbEmQPVXDLH=0.449081
MlbEH5a12PUco=0.391217
2lcYKLIgs4d=0.388255
PzWa6xGeZidckJF=0.369947
ZLvPFmAa6lNEoW=0.322318
iu4dzJajY21=0.308567
re8tKgaTk3NmhXc=0.297945
yHzoQxkZaeM7SCX=0.294089
J5BmMEzsLa=0.279377
RXvHZnEVeq=0.275452
p9cAOz6NW=0.226274
xLMYEe6JmN1K5=0.222027
6VAtq4wg=0.210566
BvyGoLUP42a=0.206460
8bhgDmitJl=0.185350
eb04dDpqM8V=0.168432
tLZRF5T1Nu896=0.113028
eamOoB503Ek=0.108642
QARbz12o8s6m=0.061754
EICye3vrk=0.061100
R2O0o=0.045304
CmfHgElp=0.044316
ovPptKcX9B6y=0.039137
fzmJwnyo94l6NR=0.029557
