0
1
false
2
3
4
5
6
7
8
9
false
10
eyglRwx04pvZtd=-57763
H51z9xkKmcYI=83
tRUIuC503Vf=-62540
YusIFKWaNCb83EP=-28859
EvCUloHJ6Sazp=40141
DMcp96t=-55792
ofErL=35121
o4ydT=-43869
EvCUloHJ6Sazp=40141
ofErL=35121
H51z9xkKmcYI=83
YusIFKWaNCb83EP=-28859
o4ydT=-43869
DMcp96t=-55792
eyglRwx04pvZtd=-57763
tRUIuC503Vf=-62540
11
12
13
eyglRwx04pvZtd=-57763
H51z9xkKmcYI=83
tRUIuC503Vf=-62540
YusIFKWaNCb83EP=-28859
EvCUloHJ6Sazp=40141
DMcp96t=-55792
ofErL=35121
o4ydT=-43869
qwfCG=5719
h5FKvPM73gw=-10244
tRUIuC503Vf=-62540
eyglRwx04pvZtd=-57763
DMcp96t=-55792
o4ydT=-43869
YusIFKWaNCb83EP=-28859
h5FKvPM73gw=-10244
H51z9xkKmcYI=83
qwfCG=5719
ofErL=35121
EvCUloHJ6Sazp=40141
14
15
16
17
18
19
20
eyglRwx04pvZtd=-57763
H51z9xkKmcYI=83
tRUIuC503Vf=-62540
YusIFKWaNCb83EP=-28859
EvCUloHJ6Sazp=40141
DMcp96t=-55792
ofErL=35121
o4ydT=-43869
qwfCG=5719
h5FKvPM73gw=-10244
voZe8=32086
wDYF6KqiudgLkC=-38017
CWK2bHi=-43260
nk6AfKmbeIUEw0N=63865
9HsQlk=23828
cwIDm20YVCqAb=16282
nk6AfKmbeIUEw0N=63865
EvCUloHJ6Sazp=40141
ofErL=35121
voZe8=32086
9HsQlk=23828
cwIDm20YVCqAb=16282
qwfCG=5719
H51z9xkKmcYI=83
h5FKvPM73gw=-10244
YusIFKWaNCb83EP=-28859
wDYF6KqiudgLkC=-38017
CWK2bHi=-43260
o4ydT=-43869
DMcp96t=-55792
eyglRwx04pvZtd=-57763
tRUIuC503Vf=-62540
21
22
23
24
25
26
27
eyglRwx04pvZtd=-57763
H51z9xkKmcYI=83
tRUIuC503Vf=-62540
YusIFKWaNCb83EP=-28859
EvCUloHJ6Sazp=40141
DMcp96t=-55792
ofErL=35121
o4ydT=-43869
qwfCG=5719
h5FKvPM73gw=-10244
voZe8=32086
wDYF6KqiudgLkC=-38017
CWK2bHi=-43260
nk6AfKmbeIUEw0N=63865
9HsQlk=23828
cwIDm20YVCqAb=16282
xlnyWEFzKmXp=47266
TSYvo1t=-61234
T2AsFdb3vyM6=49237
eTVGMc0=39572
KcH0okxi=63976
fdtY7Jb=48133
nk6AfKmbeIUEw0N=63865
EvCUloHJ6Sazp=40141
ofErL=35121
voZe8=32086
9HsQlk=23828
cwIDm20YVCqAb=16282
qwfCG=5719
H51z9xkKmcYI=83
h5FKvPM73gw=-10244
YusIFKWaNCb83EP=-28859
wDYF6KqiudgLkC=-38017
CWK2bHi=-43260
o4ydT=-43869
DMcp96t=-55792
eyglRwx04pvZtd=-57763
tRUIuC503Vf=-62540
28
29
30
31
32
33
34
35
36
eyglRwx04pvZtd=-57763
H51z9xkKmcYI=83
tRUIuC503Vf=-62540
YusIFKWaNCb83EP=-28859
EvCUloHJ6Sazp=40141
DMcp96t=-55792
ofErL=35121
o4ydT=-43869
qwfCG=5719
h5FKvPM73gw=-10244
voZe8=32086
wDYF6KqiudgLkC=-38017
CWK2bHi=-43260
nk6AfKmbeIUEw0N=63865
9HsQlk=23828
cwIDm20YVCqAb=16282
xlnyWEFzKmXp=47266
TSYvo1t=-61234
T2AsFdb3vyM6=49237
eTVGMc0=39572
KcH0okxi=63976
fdtY7Jb=48133
Mh4uHbDQzwfC2A=371
C0Bz3wxmqjlXPVy=-21724
5aqpPe=57768
YAxmSyM=32520
zn6y7ElXuJQs50x=2976
SBqeW4KPn=-6459
n6U7wE2Lg8Yp=-43706
3q69WgMzEYHpiXZ=-40385
nk6AfKmbeIUEw0N=63865
EvCUloHJ6Sazp=40141
ofErL=35121
voZe8=32086
9HsQlk=23828
cwIDm20YVCqAb=16282
qwfCG=5719
H51z9xkKmcYI=83
h5FKvPM73gw=-10244
YusIFKWaNCb83EP=-28859
wDYF6KqiudgLkC=-38017
CWK2bHi=-43260
o4ydT=-43869
DMcp96t=-55792
eyglRwx04pvZtd=-57763
tRUIuC503Vf=-62540
37
38
eyglRwx04pvZtd=-57763
H51z9xkKmcYI=83
tRUIuC503Vf=-62540
YusIFKWaNCb83EP=-28859
EvCUloHJ6Sazp=40141
DMcp96t=-55792
ofErL=35121
o4ydT=-43869
qwfCG=5719
h5FKvPM73gw=-10244
voZe8=32086
wDYF6KqiudgLkC=-38017
CWK2bHi=-43260
nk6AfKmbeIUEw0N=63865
9HsQlk=23828
cwIDm20YVCqAb=16282
xlnyWEFzKmXp=47266
TSYvo1t=-61234
T2AsFdb3vyM6=49237
eTVGMc0=39572
KcH0okxi=63976
fdtY7Jb=48133
Mh4uHbDQzwfC2A=371
C0Bz3wxmqjlXPVy=-21724
5aqpPe=57768
YAxmSyM=32520
zn6y7ElXuJQs50x=2976
SBqeW4KPn=-6459
n6U7wE2Lg8Yp=-43706
3q69WgMzEYHpiXZ=-40385
ip3FArNDkhStHP=-31555
nk6AfKmbeIUEw0N=63865
EvCUloHJ6Sazp=40141
ofErL=35121
voZe8=32086
9HsQlk=23828
cwIDm20YVCqAb=16282
qwfCG=5719
H51z9xkKmcYI=83
h5FKvPM73gw=-10244
YusIFKWaNCb83EP=-28859
wDYF6KqiudgLkC=-38017
CWK2bHi=-43260
o4ydT=-43869
DMcp96t=-55792
eyglRwx04pvZtd=-57763
tRUIuC503Vf=-62540
39
40
41
42
false
43
44
45
46
47
48
49
eyglRwx04pvZtd=-57763
H51z9xkKmcYI=83
tRUIuC503Vf=-62540
YusIFKWaNCb83EP=-28859
EvCUloHJ6Sazp=40141
DMcp96t=-55792
ofErL=35121
o4ydT=-43869
qwfCG=5719
h5FKvPM73gw=-10244
voZe8=32086
wDYF6KqiudgLkC=-38017
CWK2bHi=-43260
nk6AfKmbeIUEw0N=63865
9HsQlk=23828
cwIDm20YVCqAb=16282
xlnyWEFzKmXp=47266
TSYvo1t=-61234
T2AsFdb3vyM6=49237
eTVGMc0=39572
KcH0okxi=63976
fdtY7Jb=48133
Mh4uHbDQzwfC2A=371
C0Bz3wxmqjlXPVy=-21724
5aqpPe=57768
YAxmSyM=32520
zn6y7ElXuJQs50x=2976
SBqeW4KPn=-6459
n6U7wE2Lg8Yp=-43706
3q69WgMzEYHpiXZ=-40385
ip3FArNDkhStHP=-31555
QovGme=-39535
DEXHB7oetQsJg=35581
5IBlh8PSKm9=31489
xkbG0wVLZjis=-32523
yTQrL6SGVY=-20106
hPZI3Qnualsywfc=-850
KCs2yxDdL=52887
SqFwsH=90
TXWLfMt=-15402
nk6AfKmbeIUEw0N=63865
EvCUloHJ6Sazp=40141
ofErL=35121
voZe8=32086
9HsQlk=23828
cwIDm20YVCqAb=16282
qwfCG=5719
H51z9xkKmcYI=83
h5FKvPM73gw=-10244
YusIFKWaNCb83EP=-28859
wDYF6KqiudgLkC=-38017
CWK2bHi=-43260
o4ydT=-43869
DMcp96t=-55792
eyglRwx04pvZtd=-57763
tRUIuC503Vf=-62540
